# JRE version: OpenJDK Runtime Environment Corretto-15.0.2.7.1 (15.0.2+7) (build 15.0.2+7)
# Java VM: OpenJDK 64-Bit Server VM Corretto-15.0.2.7.1 (15.0.2+7, mixed mode, sharing, tiered, compressed oops, g1 gc, windows-amd64)
GC Precious Log:
 CPUs: 2 total, 2 available
 Memory: 4043M
 Large Page Support: Disabled
 NUMA Support: Disabled
 Compressed Oops: Enabled (32-bit)
 Heap Region Size: 1M
 Heap Min Capacity: 8M
 Heap Initial Capacity: 64M
 Heap Max Capacity: 1012M
 Pre-touch: Disabled
 Parallel Workers: 2
 Concurrent Workers: 1
 Concurrent Refinement Workers: 2
 Periodic GC: Disabled
Heap:
 garbage-first heap   total 99328K, used 28568K [0x00000000c0c00000, 0x0000000100000000)
  region size 1024K, 1 young (1024K), 0 survivors (0K)
 Metaspace       used 72642K, capacity 73297K, committed 73648K, reserved 1114112K
  class space    used 8927K, capacity 9121K, committed 9216K, reserved 1048576K
GC Heap History (20 events):
Event: 4167.382 GC heap before
{Heap before GC invocations=74 (full 0):
 garbage-first heap   total 130048K, used 113138K [0x00000000c0c00000, 0x0000000100000000)
  region size 1024K, 76 young (77824K), 2 survivors (2048K)
 Metaspace       used 72532K, capacity 73185K, committed 73648K, reserved 1114112K
  class space    used 8910K, capacity 9096K, committed 9216K, reserved 1048576K
}
Event: 4167.386 GC heap after
{Heap after GC invocations=75 (full 0):
 garbage-first heap   total 130048K, used 37269K [0x00000000c0c00000, 0x0000000100000000)
  region size 1024K, 1 young (1024K), 1 survivors (1024K)
 Metaspace       used 72532K, capacity 73185K, committed 73648K, reserved 1114112K
  class space    used 8910K, capacity 9096K, committed 9216K, reserved 1048576K
}
Event: 4492.035 GC heap before
{Heap before GC invocations=75 (full 0):
 garbage-first heap   total 130048K, used 114069K [0x00000000c0c00000, 0x0000000100000000)
  region size 1024K, 76 young (77824K), 1 survivors (1024K)
 Metaspace       used 72532K, capacity 73185K, committed 73648K, reserved 1114112K
  class space    used 8910K, capacity 9096K, committed 9216K, reserved 1048576K
}
Event: 4492.047 GC heap after
{Heap after GC invocations=76 (full 0):
 garbage-first heap   total 130048K, used 37135K [0x00000000c0c00000, 0x0000000100000000)
  region size 1024K, 1 young (1024K), 1 survivors (1024K)
 Metaspace       used 72532K, capacity 73185K, committed 73648K, reserved 1114112K
  class space    used 8910K, capacity 9096K, committed 9216K, reserved 1048576K
}
Event: 4806.544 GC heap before
{Heap before GC invocations=77 (full 0):
 garbage-first heap   total 130048K, used 112911K [0x00000000c0c00000, 0x0000000100000000)
  region size 1024K, 75 young (76800K), 1 survivors (1024K)
 Metaspace       used 72532K, capacity 73185K, committed 73648K, reserved 1114112K
  class space    used 8910K, capacity 9096K, committed 9216K, reserved 1048576K
}
Event: 4806.585 GC heap after
{Heap after GC invocations=78 (full 0):
 garbage-first heap   total 130048K, used 37187K [0x00000000c0c00000, 0x0000000100000000)
  region size 1024K, 1 young (1024K), 1 survivors (1024K)
 Metaspace       used 72532K, capacity 73185K, committed 73648K, reserved 1114112K
  class space    used 8910K, capacity 9096K, committed 9216K, reserved 1048576K
}
Event: 5127.912 GC heap before
{Heap before GC invocations=78 (full 0):
 garbage-first heap   total 130048K, used 113987K [0x00000000c0c00000, 0x0000000100000000)
  region size 1024K, 76 young (77824K), 1 survivors (1024K)
 Metaspace       used 72534K, capacity 73185K, committed 73648K, reserved 1114112K
  class space    used 8910K, capacity 9096K, committed 9216K, reserved 1048576K
}
Event: 5127.918 GC heap after
{Heap after GC invocations=79 (full 0):
 garbage-first heap   total 130048K, used 37158K [0x00000000c0c00000, 0x0000000100000000)
  region size 1024K, 1 young (1024K), 1 survivors (1024K)
 Metaspace       used 72534K, capacity 73185K, committed 73648K, reserved 1114112K
  class space    used 8910K, capacity 9096K, committed 9216K, reserved 1048576K
}
Event: 5378.269 GC heap before
{Heap before GC invocations=80 (full 0):
 garbage-first heap   total 130048K, used 113958K [0x00000000c0c00000, 0x0000000100000000)
  region size 1024K, 76 young (77824K), 1 survivors (1024K)
 Metaspace       used 72558K, capacity 73191K, committed 73648K, reserved 1114112K
  class space    used 8911K, capacity 9097K, committed 9216K, reserved 1048576K
}
Event: 5378.276 GC heap after
{Heap after GC invocations=81 (full 0):
 garbage-first heap   total 130048K, used 37291K [0x00000000c0c00000, 0x0000000100000000)
  region size 1024K, 1 young (1024K), 1 survivors (1024K)
 Metaspace       used 72558K, capacity 73191K, committed 73648K, reserved 1114112K
  class space    used 8911K, capacity 9097K, committed 9216K, reserved 1048576K
}
Event: 5630.234 GC heap before
{Heap before GC invocations=81 (full 0):
 garbage-first heap   total 130048K, used 114091K [0x00000000c0c00000, 0x0000000100000000)
  region size 1024K, 76 young (77824K), 1 survivors (1024K)
 Metaspace       used 72575K, capacity 73203K, committed 73648K, reserved 1114112K
  class space    used 8912K, capacity 9099K, committed 9216K, reserved 1048576K
}
Event: 5630.242 GC heap after
{Heap after GC invocations=82 (full 0):
 garbage-first heap   total 130048K, used 37420K [0x00000000c0c00000, 0x0000000100000000)
  region size 1024K, 1 young (1024K), 1 survivors (1024K)
 Metaspace       used 72575K, capacity 73203K, committed 73648K, reserved 1114112K
  class space    used 8912K, capacity 9099K, committed 9216K, reserved 1048576K
}
Event: 5949.916 GC heap before
{Heap before GC invocations=83 (full 0):
 garbage-first heap   total 130048K, used 114220K [0x00000000c0c00000, 0x0000000100000000)
  region size 1024K, 76 young (77824K), 1 survivors (1024K)
 Metaspace       used 72575K, capacity 73203K, committed 73648K, reserved 1114112K
  class space    used 8912K, capacity 9099K, committed 9216K, reserved 1048576K
}
Event: 5949.919 GC heap after
{Heap after GC invocations=84 (full 0):
 garbage-first heap   total 130048K, used 37248K [0x00000000c0c00000, 0x0000000100000000)
  region size 1024K, 1 young (1024K), 1 survivors (1024K)
 Metaspace       used 72575K, capacity 73203K, committed 73648K, reserved 1114112K
  class space    used 8912K, capacity 9099K, committed 9216K, reserved 1048576K
}
Event: 6269.584 GC heap before
{Heap before GC invocations=84 (full 0):
 garbage-first heap   total 130048K, used 114048K [0x00000000c0c00000, 0x0000000100000000)
  region size 1024K, 76 young (77824K), 1 survivors (1024K)
 Metaspace       used 72575K, capacity 73203K, committed 73648K, reserved 1114112K
  class space    used 8912K, capacity 9099K, committed 9216K, reserved 1048576K
}
Event: 6269.587 GC heap after
{Heap after GC invocations=85 (full 0):
 garbage-first heap   total 130048K, used 37190K [0x00000000c0c00000, 0x0000000100000000)
  region size 1024K, 1 young (1024K), 1 survivors (1024K)
 Metaspace       used 72575K, capacity 73203K, committed 73648K, reserved 1114112K
  class space    used 8912K, capacity 9099K, committed 9216K, reserved 1048576K
}
Event: 6599.198 GC heap before
{Heap before GC invocations=86 (full 0):
 garbage-first heap   total 130048K, used 113990K [0x00000000c0c00000, 0x0000000100000000)
  region size 1024K, 76 young (77824K), 1 survivors (1024K)
 Metaspace       used 72575K, capacity 73203K, committed 73648K, reserved 1114112K
  class space    used 8912K, capacity 9099K, committed 9216K, reserved 1048576K
}
Event: 6599.203 GC heap after
{Heap after GC invocations=87 (full 0):
 garbage-first heap   total 130048K, used 37114K [0x00000000c0c00000, 0x0000000100000000)
  region size 1024K, 1 young (1024K), 1 survivors (1024K)
 Metaspace       used 72575K, capacity 73203K, committed 73648K, reserved 1114112K
  class space    used 8912K, capacity 9099K, committed 9216K, reserved 1048576K
}
Event: 6735.274 GC heap before
{Heap before GC invocations=87 (full 0):
 garbage-first heap   total 130048K, used 70906K [0x00000000c0c00000, 0x0000000100000000)
  region size 1024K, 35 young (35840K), 1 survivors (1024K)
 Metaspace       used 72683K, capacity 73369K, committed 73648K, reserved 1114112K
  class space    used 8932K, capacity 9133K, committed 9216K, reserved 1048576K
}
Event: 6736.060 GC heap after
{Heap after GC invocations=88 (full 1):
 garbage-first heap   total 99328K, used 28568K [0x00000000c0c00000, 0x0000000100000000)
  region size 1024K, 0 young (0K), 0 survivors (0K)
 Metaspace       used 72637K, capacity 73297K, committed 73648K, reserved 1114112K
  class space    used 8926K, capacity 9121K, committed 9216K, reserved 1048576K
}

