# JRE version: OpenJDK Runtime Environment Corretto-15.0.2.7.1 (15.0.2+7) (build 15.0.2+7)
# Java VM: OpenJDK 64-Bit Server VM Corretto-15.0.2.7.1 (15.0.2+7, mixed mode, sharing, tiered, compressed oops, g1 gc, windows-amd64)
GC Precious Log:
 CPUs: 2 total, 2 available
 Memory: 4043M
 Large Page Support: Disabled
 NUMA Support: Disabled
 Compressed Oops: Enabled (32-bit)
 Heap Region Size: 1M
 Heap Min Capacity: 8M
 Heap Initial Capacity: 64M
 Heap Max Capacity: 1012M
 Pre-touch: Disabled
 Parallel Workers: 2
 Concurrent Workers: 1
 Concurrent Refinement Workers: 2
 Periodic GC: Disabled
Heap:
 garbage-first heap   total 106496K, used 66430K [0x00000000c0c00000, 0x0000000100000000)
  region size 1024K, 25 young (25600K), 1 survivors (1024K)
 Metaspace       used 80034K, capacity 81093K, committed 81200K, reserved 1120256K
  class space    used 9511K, capacity 9832K, committed 9856K, reserved 1048576K
GC Heap History (20 events):
Event: 15273.176 GC heap after
{Heap after GC invocations=437 (full 3):
 garbage-first heap   total 106496K, used 46545K [0x00000000c0c00000, 0x0000000100000000)
  region size 1024K, 5 young (5120K), 5 survivors (5120K)
 Metaspace       used 80005K, capacity 81086K, committed 81200K, reserved 1120256K
  class space    used 9510K, capacity 9830K, committed 9856K, reserved 1048576K
}
Event: 15279.003 GC heap before
{Heap before GC invocations=437 (full 3):
 garbage-first heap   total 106496K, used 82385K [0x00000000c0c00000, 0x0000000100000000)
  region size 1024K, 41 young (41984K), 5 survivors (5120K)
 Metaspace       used 80013K, capacity 81087K, committed 81200K, reserved 1120256K
  class space    used 9510K, capacity 9830K, committed 9856K, reserved 1048576K
}
Event: 15279.008 GC heap after
{Heap after GC invocations=438 (full 3):
 garbage-first heap   total 106496K, used 42783K [0x00000000c0c00000, 0x0000000100000000)
  region size 1024K, 1 young (1024K), 1 survivors (1024K)
 Metaspace       used 80013K, capacity 81087K, committed 81200K, reserved 1120256K
  class space    used 9510K, capacity 9830K, committed 9856K, reserved 1048576K
}
Event: 15302.891 GC heap before
{Heap before GC invocations=438 (full 3):
 garbage-first heap   total 106496K, used 84767K [0x00000000c0c00000, 0x0000000100000000)
  region size 1024K, 42 young (43008K), 1 survivors (1024K)
 Metaspace       used 80013K, capacity 81087K, committed 81200K, reserved 1120256K
  class space    used 9510K, capacity 9830K, committed 9856K, reserved 1048576K
}
Event: 15302.895 GC heap after
{Heap after GC invocations=439 (full 3):
 garbage-first heap   total 106496K, used 43165K [0x00000000c0c00000, 0x0000000100000000)
  region size 1024K, 2 young (2048K), 2 survivors (2048K)
 Metaspace       used 80013K, capacity 81087K, committed 81200K, reserved 1120256K
  class space    used 9510K, capacity 9830K, committed 9856K, reserved 1048576K
}
Event: 15325.505 GC heap before
{Heap before GC invocations=439 (full 3):
 garbage-first heap   total 106496K, used 86173K [0x00000000c0c00000, 0x0000000100000000)
  region size 1024K, 44 young (45056K), 2 survivors (2048K)
 Metaspace       used 80013K, capacity 81087K, committed 81200K, reserved 1120256K
  class space    used 9510K, capacity 9830K, committed 9856K, reserved 1048576K
}
Event: 15325.509 GC heap after
{Heap after GC invocations=440 (full 3):
 garbage-first heap   total 106496K, used 42908K [0x00000000c0c00000, 0x0000000100000000)
  region size 1024K, 2 young (2048K), 2 survivors (2048K)
 Metaspace       used 80013K, capacity 81087K, committed 81200K, reserved 1120256K
  class space    used 9510K, capacity 9830K, committed 9856K, reserved 1048576K
}
Event: 15343.834 GC heap before
{Heap before GC invocations=440 (full 3):
 garbage-first heap   total 106496K, used 86940K [0x00000000c0c00000, 0x0000000100000000)
  region size 1024K, 45 young (46080K), 2 survivors (2048K)
 Metaspace       used 80013K, capacity 81087K, committed 81200K, reserved 1120256K
  class space    used 9510K, capacity 9830K, committed 9856K, reserved 1048576K
}
Event: 15343.838 GC heap after
{Heap after GC invocations=441 (full 3):
 garbage-first heap   total 106496K, used 42892K [0x00000000c0c00000, 0x0000000100000000)
  region size 1024K, 2 young (2048K), 2 survivors (2048K)
 Metaspace       used 80013K, capacity 81087K, committed 81200K, reserved 1120256K
  class space    used 9510K, capacity 9830K, committed 9856K, reserved 1048576K
}
Event: 15360.708 GC heap before
{Heap before GC invocations=441 (full 3):
 garbage-first heap   total 106496K, used 87948K [0x00000000c0c00000, 0x0000000100000000)
  region size 1024K, 46 young (47104K), 2 survivors (2048K)
 Metaspace       used 80013K, capacity 81087K, committed 81200K, reserved 1120256K
  class space    used 9510K, capacity 9830K, committed 9856K, reserved 1048576K
}
Event: 15360.712 GC heap after
{Heap after GC invocations=442 (full 3):
 garbage-first heap   total 106496K, used 42889K [0x00000000c0c00000, 0x0000000100000000)
  region size 1024K, 2 young (2048K), 2 survivors (2048K)
 Metaspace       used 80013K, capacity 81087K, committed 81200K, reserved 1120256K
  class space    used 9510K, capacity 9830K, committed 9856K, reserved 1048576K
}
Event: 15377.874 GC heap before
{Heap before GC invocations=442 (full 3):
 garbage-first heap   total 106496K, used 87945K [0x00000000c0c00000, 0x0000000100000000)
  region size 1024K, 46 young (47104K), 2 survivors (2048K)
 Metaspace       used 80013K, capacity 81087K, committed 81200K, reserved 1120256K
  class space    used 9510K, capacity 9830K, committed 9856K, reserved 1048576K
}
Event: 15377.878 GC heap after
{Heap after GC invocations=443 (full 3):
 garbage-first heap   total 106496K, used 42382K [0x00000000c0c00000, 0x0000000100000000)
  region size 1024K, 1 young (1024K), 1 survivors (1024K)
 Metaspace       used 80013K, capacity 81087K, committed 81200K, reserved 1120256K
  class space    used 9510K, capacity 9830K, committed 9856K, reserved 1048576K
}
Event: 15394.798 GC heap before
{Heap before GC invocations=443 (full 3):
 garbage-first heap   total 106496K, used 89486K [0x00000000c0c00000, 0x0000000100000000)
  region size 1024K, 47 young (48128K), 1 survivors (1024K)
 Metaspace       used 80015K, capacity 81087K, committed 81200K, reserved 1120256K
  class space    used 9510K, capacity 9830K, committed 9856K, reserved 1048576K
}
Event: 15394.807 GC heap after
{Heap after GC invocations=444 (full 3):
 garbage-first heap   total 106496K, used 42849K [0x00000000c0c00000, 0x0000000100000000)
  region size 1024K, 2 young (2048K), 2 survivors (2048K)
 Metaspace       used 80015K, capacity 81087K, committed 81200K, reserved 1120256K
  class space    used 9510K, capacity 9830K, committed 9856K, reserved 1048576K
}
Event: 15411.898 GC heap before
{Heap before GC invocations=444 (full 3):
 garbage-first heap   total 106496K, used 89953K [0x00000000c0c00000, 0x0000000100000000)
  region size 1024K, 48 young (49152K), 2 survivors (2048K)
 Metaspace       used 80015K, capacity 81087K, committed 81200K, reserved 1120256K
  class space    used 9510K, capacity 9830K, committed 9856K, reserved 1048576K
}
Event: 15411.901 GC heap after
{Heap after GC invocations=445 (full 3):
 garbage-first heap   total 106496K, used 42970K [0x00000000c0c00000, 0x0000000100000000)
  region size 1024K, 2 young (2048K), 2 survivors (2048K)
 Metaspace       used 80015K, capacity 81087K, committed 81200K, reserved 1120256K
  class space    used 9510K, capacity 9830K, committed 9856K, reserved 1048576K
}
Event: 15431.054 GC heap before
{Heap before GC invocations=445 (full 3):
 garbage-first heap   total 106496K, used 90074K [0x00000000c0c00000, 0x0000000100000000)
  region size 1024K, 48 young (49152K), 2 survivors (2048K)
 Metaspace       used 80015K, capacity 81087K, committed 81200K, reserved 1120256K
  class space    used 9510K, capacity 9830K, committed 9856K, reserved 1048576K
}
Event: 15431.060 GC heap after
{Heap after GC invocations=446 (full 3):
 garbage-first heap   total 106496K, used 42716K [0x00000000c0c00000, 0x0000000100000000)
  region size 1024K, 1 young (1024K), 1 survivors (1024K)
 Metaspace       used 80015K, capacity 81087K, committed 81200K, reserved 1120256K
  class space    used 9510K, capacity 9830K, committed 9856K, reserved 1048576K
}
Event: 15440.143 GC heap before
{Heap before GC invocations=446 (full 3):
 garbage-first heap   total 106496K, used 66268K [0x00000000c0c00000, 0x0000000100000000)
  region size 1024K, 25 young (25600K), 1 survivors (1024K)
 Metaspace       used 80034K, capacity 81093K, committed 81200K, reserved 1120256K
  class space    used 9511K, capacity 9832K, committed 9856K, reserved 1048576K
}

