# JRE version: OpenJDK Runtime Environment (14.0.2+12) (build 14.0.2+12-46)
# Java VM: OpenJDK 64-Bit Server VM (14.0.2+12-46, mixed mode, tiered, compressed oops, g1 gc, windows-amd64)
Heap:
 garbage-first heap   total 65536K, used 53123K [0x00000000c0c00000, 0x0000000100000000)
  region size 1024K, 27 young (27648K), 3 survivors (3072K)
 Metaspace       used 64569K, capacity 65954K, committed 66204K, reserved 1107968K
  class space    used 8131K, capacity 8675K, committed 8704K, reserved 1048576K
GC Heap History (20 events):
Event: 16.830 GC heap after
{Heap after GC invocations=20 (full 0):
 garbage-first heap   total 54272K, used 18792K [0x00000000c0c00000, 0x0000000100000000)
  region size 1024K, 2 young (2048K), 2 survivors (2048K)
 Metaspace       used 39128K, capacity 40229K, committed 40348K, reserved 1085440K
  class space    used 4622K, capacity 5050K, committed 5120K, reserved 1048576K
}
Event: 17.285 GC heap before
{Heap before GC invocations=20 (full 0):
 garbage-first heap   total 54272K, used 43368K [0x00000000c0c00000, 0x0000000100000000)
  region size 1024K, 26 young (26624K), 2 survivors (2048K)
 Metaspace       used 42231K, capacity 43349K, committed 43548K, reserved 1087488K
  class space    used 5221K, capacity 5641K, committed 5760K, reserved 1048576K
}
Event: 17.291 GC heap after
{Heap after GC invocations=21 (full 0):
 garbage-first heap   total 54272K, used 19107K [0x00000000c0c00000, 0x0000000100000000)
  region size 1024K, 2 young (2048K), 2 survivors (2048K)
 Metaspace       used 42231K, capacity 43349K, committed 43548K, reserved 1087488K
  class space    used 5221K, capacity 5641K, committed 5760K, reserved 1048576K
}
Event: 18.050 GC heap before
{Heap before GC invocations=21 (full 0):
 garbage-first heap   total 54272K, used 43683K [0x00000000c0c00000, 0x0000000100000000)
  region size 1024K, 27 young (27648K), 2 survivors (2048K)
 Metaspace       used 48633K, capacity 49729K, committed 49820K, reserved 1093632K
  class space    used 5954K, capacity 6361K, committed 6400K, reserved 1048576K
}
Event: 18.060 GC heap after
{Heap after GC invocations=22 (full 0):
 garbage-first heap   total 54272K, used 21459K [0x00000000c0c00000, 0x0000000100000000)
  region size 1024K, 4 young (4096K), 4 survivors (4096K)
 Metaspace       used 48633K, capacity 49729K, committed 49820K, reserved 1093632K
  class space    used 5954K, capacity 6361K, committed 6400K, reserved 1048576K
}
Event: 18.751 GC heap before
{Heap before GC invocations=22 (full 0):
 garbage-first heap   total 54272K, used 41939K [0x00000000c0c00000, 0x0000000100000000)
  region size 1024K, 26 young (26624K), 4 survivors (4096K)
 Metaspace       used 51183K, capacity 52309K, committed 52508K, reserved 1095680K
  class space    used 6333K, capacity 6752K, committed 6784K, reserved 1048576K
}
Event: 18.762 GC heap after
{Heap after GC invocations=23 (full 0):
 garbage-first heap   total 54272K, used 23141K [0x00000000c0c00000, 0x0000000100000000)
  region size 1024K, 2 young (2048K), 2 survivors (2048K)
 Metaspace       used 51183K, capacity 52309K, committed 52508K, reserved 1095680K
  class space    used 6333K, capacity 6752K, committed 6784K, reserved 1048576K
}
Event: 19.227 GC heap before
{Heap before GC invocations=23 (full 0):
 garbage-first heap   total 54272K, used 41573K [0x00000000c0c00000, 0x0000000100000000)
  region size 1024K, 21 young (21504K), 2 survivors (2048K)
 Metaspace       used 52413K, capacity 53528K, committed 53788K, reserved 1095680K
  class space    used 6503K, capacity 6919K, committed 7040K, reserved 1048576K
}
Event: 19.232 GC heap after
{Heap after GC invocations=24 (full 0):
 garbage-first heap   total 54272K, used 24072K [0x00000000c0c00000, 0x0000000100000000)
  region size 1024K, 3 young (3072K), 3 survivors (3072K)
 Metaspace       used 52413K, capacity 53528K, committed 53788K, reserved 1095680K
  class space    used 6503K, capacity 6919K, committed 7040K, reserved 1048576K
}
Event: 19.711 GC heap before
{Heap before GC invocations=24 (full 0):
 garbage-first heap   total 54272K, used 42504K [0x00000000c0c00000, 0x0000000100000000)
  region size 1024K, 21 young (21504K), 3 survivors (3072K)
 Metaspace       used 53690K, capacity 54956K, committed 55196K, reserved 1097728K
  class space    used 6645K, capacity 7088K, committed 7168K, reserved 1048576K
}
Event: 19.718 GC heap after
{Heap after GC invocations=25 (full 0):
 garbage-first heap   total 54272K, used 25633K [0x00000000c0c00000, 0x0000000100000000)
  region size 1024K, 3 young (3072K), 3 survivors (3072K)
 Metaspace       used 53690K, capacity 54956K, committed 55196K, reserved 1097728K
  class space    used 6645K, capacity 7088K, committed 7168K, reserved 1048576K
}
Event: 20.045 GC heap before
{Heap before GC invocations=25 (full 0):
 garbage-first heap   total 54272K, used 42017K [0x00000000c0c00000, 0x0000000100000000)
  region size 1024K, 19 young (19456K), 3 survivors (3072K)
 Metaspace       used 55347K, capacity 56576K, committed 56604K, reserved 1099776K
  class space    used 6848K, capacity 7286K, committed 7296K, reserved 1048576K
}
Event: 20.052 GC heap after
{Heap after GC invocations=26 (full 0):
 garbage-first heap   total 65536K, used 26755K [0x00000000c0c00000, 0x0000000100000000)
  region size 1024K, 2 young (2048K), 2 survivors (2048K)
 Metaspace       used 55347K, capacity 56576K, committed 56604K, reserved 1099776K
  class space    used 6848K, capacity 7286K, committed 7296K, reserved 1048576K
}
Event: 20.671 GC heap before
{Heap before GC invocations=27 (full 0):
 garbage-first heap   total 65536K, used 50307K [0x00000000c0c00000, 0x0000000100000000)
  region size 1024K, 25 young (25600K), 2 survivors (2048K)
 Metaspace       used 57721K, capacity 58953K, committed 59164K, reserved 1101824K
  class space    used 7314K, capacity 7777K, committed 7808K, reserved 1048576K
}
Event: 20.676 GC heap after
{Heap after GC invocations=28 (full 0):
 garbage-first heap   total 65536K, used 26992K [0x00000000c0c00000, 0x0000000100000000)
  region size 1024K, 2 young (2048K), 2 survivors (2048K)
 Metaspace       used 57721K, capacity 58953K, committed 59164K, reserved 1101824K
  class space    used 7314K, capacity 7777K, committed 7808K, reserved 1048576K
}
Event: 21.287 GC heap before
{Heap before GC invocations=28 (full 0):
 garbage-first heap   total 65536K, used 51568K [0x00000000c0c00000, 0x0000000100000000)
  region size 1024K, 26 young (26624K), 2 survivors (2048K)
 Metaspace       used 59287K, capacity 60476K, committed 60572K, reserved 1101824K
  class space    used 7475K, capacity 7919K, committed 7936K, reserved 1048576K
}
Event: 21.293 GC heap after
{Heap after GC invocations=29 (full 0):
 garbage-first heap   total 65536K, used 27523K [0x00000000c0c00000, 0x0000000100000000)
  region size 1024K, 2 young (2048K), 2 survivors (2048K)
 Metaspace       used 59287K, capacity 60476K, committed 60572K, reserved 1101824K
  class space    used 7475K, capacity 7919K, committed 7936K, reserved 1048576K
}
Event: 23.316 GC heap before
{Heap before GC invocations=29 (full 0):
 garbage-first heap   total 65536K, used 52099K [0x00000000c0c00000, 0x0000000100000000)
  region size 1024K, 26 young (26624K), 2 survivors (2048K)
 Metaspace       used 61148K, capacity 62452K, committed 62748K, reserved 1103872K
  class space    used 7700K, capacity 8194K, committed 8320K, reserved 1048576K
}
Event: 23.325 GC heap after
{Heap after GC invocations=30 (full 0):
 garbage-first heap   total 65536K, used 28547K [0x00000000c0c00000, 0x0000000100000000)
  region size 1024K, 3 young (3072K), 3 survivors (3072K)
 Metaspace       used 61148K, capacity 62452K, committed 62748K, reserved 1103872K
  class space    used 7700K, capacity 8194K, committed 8320K, reserved 1048576K
}
Event: 23.800 GC heap before
{Heap before GC invocations=30 (full 0):
 garbage-first heap   total 65536K, used 53123K [0x00000000c0c00000, 0x0000000100000000)
  region size 1024K, 27 young (27648K), 3 survivors (3072K)
 Metaspace       used 64569K, capacity 65954K, committed 66204K, reserved 1107968K
  class space    used 8131K, capacity 8675K, committed 8704K, reserved 1048576K
}

