# JRE version: OpenJDK Runtime Environment (14.0.2+12) (build 14.0.2+12-46)
# Java VM: OpenJDK 64-Bit Server VM (14.0.2+12-46, mixed mode, tiered, compressed oops, g1 gc, windows-amd64)
Heap:
 garbage-first heap   total 45056K, used 33172K [0x00000000c0c00000, 0x0000000100000000)
  region size 1024K, 23 young (23552K), 2 survivors (2048K)
 Metaspace       used 24606K, capacity 25184K, committed 25520K, reserved 1071104K
  class space    used 2746K, capacity 2958K, committed 3072K, reserved 1048576K
GC Heap History (15 events):
Event: 0.589 GC heap before
{Heap before GC invocations=0 (full 0):
 garbage-first heap   total 65536K, used 7168K [0x00000000c0c00000, 0x0000000100000000)
  region size 1024K, 6 young (6144K), 0 survivors (0K)
 Metaspace       used 4630K, capacity 4738K, committed 4864K, reserved 1056768K
  class space    used 406K, capacity 430K, committed 512K, reserved 1048576K
}
Event: 0.594 GC heap after
{Heap after GC invocations=1 (full 0):
 garbage-first heap   total 65536K, used 6687K [0x00000000c0c00000, 0x0000000100000000)
  region size 1024K, 1 young (1024K), 1 survivors (1024K)
 Metaspace       used 4630K, capacity 4738K, committed 4864K, reserved 1056768K
  class space    used 406K, capacity 430K, committed 512K, reserved 1048576K
}
Event: 0.876 GC heap before
{Heap before GC invocations=1 (full 0):
 garbage-first heap   total 65536K, used 9759K [0x00000000c0c00000, 0x0000000100000000)
  region size 1024K, 4 young (4096K), 1 survivors (1024K)
 Metaspace       used 5382K, capacity 5476K, committed 5760K, reserved 1056768K
  class space    used 476K, capacity 528K, committed 640K, reserved 1048576K
}
Event: 0.879 GC heap after
{Heap after GC invocations=2 (full 0):
 garbage-first heap   total 65536K, used 7284K [0x00000000c0c00000, 0x0000000100000000)
  region size 1024K, 1 young (1024K), 1 survivors (1024K)
 Metaspace       used 5382K, capacity 5476K, committed 5760K, reserved 1056768K
  class space    used 476K, capacity 528K, committed 640K, reserved 1048576K
}
Event: 1.585 GC heap before
{Heap before GC invocations=2 (full 0):
 garbage-first heap   total 65536K, used 13428K [0x00000000c0c00000, 0x0000000100000000)
  region size 1024K, 8 young (8192K), 1 survivors (1024K)
 Metaspace       used 9620K, capacity 9766K, committed 9984K, reserved 1058816K
  class space    used 875K, capacity 917K, committed 1024K, reserved 1048576K
}
Event: 1.589 GC heap after
{Heap after GC invocations=3 (full 0):
 garbage-first heap   total 65536K, used 8474K [0x00000000c0c00000, 0x0000000100000000)
  region size 1024K, 1 young (1024K), 1 survivors (1024K)
 Metaspace       used 9620K, capacity 9766K, committed 9984K, reserved 1058816K
  class space    used 875K, capacity 917K, committed 1024K, reserved 1048576K
}
Event: 2.806 GC heap before
{Heap before GC invocations=3 (full 0):
 garbage-first heap   total 65536K, used 33050K [0x00000000c0c00000, 0x0000000100000000)
  region size 1024K, 26 young (26624K), 1 survivors (1024K)
 Metaspace       used 11522K, capacity 11719K, committed 12032K, reserved 1060864K
  class space    used 1117K, capacity 1187K, committed 1280K, reserved 1048576K
}
Event: 2.810 GC heap after
{Heap after GC invocations=4 (full 0):
 garbage-first heap   total 65536K, used 9030K [0x00000000c0c00000, 0x0000000100000000)
  region size 1024K, 2 young (2048K), 2 survivors (2048K)
 Metaspace       used 11522K, capacity 11719K, committed 12032K, reserved 1060864K
  class space    used 1117K, capacity 1187K, committed 1280K, reserved 1048576K
}
Event: 4.446 GC heap before
{Heap before GC invocations=4 (full 0):
 garbage-first heap   total 65536K, used 44870K [0x00000000c0c00000, 0x0000000100000000)
  region size 1024K, 38 young (38912K), 2 survivors (2048K)
 Metaspace       used 14639K, capacity 14904K, committed 15232K, reserved 1062912K
  class space    used 1476K, capacity 1572K, committed 1664K, reserved 1048576K
}
Event: 4.452 GC heap after
{Heap after GC invocations=5 (full 0):
 garbage-first heap   total 65536K, used 9498K [0x00000000c0c00000, 0x0000000100000000)
  region size 1024K, 2 young (2048K), 2 survivors (2048K)
 Metaspace       used 14639K, capacity 14904K, committed 15232K, reserved 1062912K
  class space    used 1476K, capacity 1572K, committed 1664K, reserved 1048576K
}
Event: 7.110 GC heap before
{Heap before GC invocations=5 (full 0):
 garbage-first heap   total 65536K, used 41242K [0x00000000c0c00000, 0x0000000100000000)
  region size 1024K, 34 young (34816K), 2 survivors (2048K)
 Metaspace       used 20740K, capacity 21153K, committed 21296K, reserved 1069056K
  class space    used 2214K, capacity 2382K, committed 2432K, reserved 1048576K
}
Event: 7.119 GC heap after
{Heap after GC invocations=6 (full 0):
 garbage-first heap   total 65536K, used 11057K [0x00000000c0c00000, 0x0000000100000000)
  region size 1024K, 4 young (4096K), 4 survivors (4096K)
 Metaspace       used 20740K, capacity 21153K, committed 21296K, reserved 1069056K
  class space    used 2214K, capacity 2382K, committed 2432K, reserved 1048576K
}
Event: 8.280 GC heap before
{Heap before GC invocations=7 (full 0):
 garbage-first heap   total 45056K, used 32561K [0x00000000c0c00000, 0x0000000100000000)
  region size 1024K, 26 young (26624K), 4 survivors (4096K)
 Metaspace       used 23776K, capacity 24404K, committed 24624K, reserved 1071104K
  class space    used 2658K, capacity 2874K, committed 2944K, reserved 1048576K
}
Event: 8.291 GC heap after
{Heap after GC invocations=8 (full 0):
 garbage-first heap   total 45056K, used 11694K [0x00000000c0c00000, 0x0000000100000000)
  region size 1024K, 3 young (3072K), 3 survivors (3072K)
 Metaspace       used 23776K, capacity 24404K, committed 24624K, reserved 1071104K
  class space    used 2658K, capacity 2874K, committed 2944K, reserved 1048576K
}
Event: 8.979 GC heap before
{Heap before GC invocations=8 (full 0):
 garbage-first heap   total 45056K, used 32174K [0x00000000c0c00000, 0x0000000100000000)
  region size 1024K, 24 young (24576K), 3 survivors (3072K)
 Metaspace       used 24606K, capacity 25184K, committed 25520K, reserved 1071104K
  class space    used 2746K, capacity 2958K, committed 3072K, reserved 1048576K
}

