# JRE version: OpenJDK Runtime Environment (14.0.2+12) (build 14.0.2+12-46)
# Java VM: OpenJDK 64-Bit Server VM (14.0.2+12-46, mixed mode, tiered, compressed oops, g1 gc, windows-amd64)
Heap:
 garbage-first heap   total 78848K, used 60534K [0x00000000c0c00000, 0x0000000100000000)
  region size 1024K, 19 young (19456K), 3 survivors (3072K)
 Metaspace       used 72039K, capacity 73734K, committed 73884K, reserved 1114112K
  class space    used 9026K, capacity 9671K, committed 9708K, reserved 1048576K
GC Heap History (20 events):
Event: 38.847 GC heap after
{Heap after GC invocations=46 (full 0):
 garbage-first heap   total 51200K, used 30238K [0x00000000c0c00000, 0x0000000100000000)
  region size 1024K, 2 young (2048K), 2 survivors (2048K)
 Metaspace       used 65827K, capacity 67285K, committed 67484K, reserved 1107968K
  class space    used 8290K, capacity 8837K, committed 8940K, reserved 1048576K
}
Event: 39.487 GC heap before
{Heap before GC invocations=47 (full 0):
 garbage-first heap   total 55296K, used 41502K [0x00000000c0c00000, 0x0000000100000000)
  region size 1024K, 13 young (13312K), 2 survivors (2048K)
 Metaspace       used 66473K, capacity 67974K, committed 67996K, reserved 1107968K
  class space    used 8349K, capacity 8925K, committed 8940K, reserved 1048576K
}
Event: 39.494 GC heap after
{Heap after GC invocations=48 (full 0):
 garbage-first heap   total 55296K, used 31102K [0x00000000c0c00000, 0x0000000100000000)
  region size 1024K, 2 young (2048K), 2 survivors (2048K)
 Metaspace       used 66473K, capacity 67974K, committed 67996K, reserved 1107968K
  class space    used 8349K, capacity 8925K, committed 8940K, reserved 1048576K
}
Event: 39.992 GC heap before
{Heap before GC invocations=48 (full 0):
 garbage-first heap   total 55296K, used 45438K [0x00000000c0c00000, 0x0000000100000000)
  region size 1024K, 16 young (16384K), 2 survivors (2048K)
 Metaspace       used 66976K, capacity 68482K, committed 68636K, reserved 1110016K
  class space    used 8405K, capacity 8981K, committed 9068K, reserved 1048576K
}
Event: 40.000 GC heap after
{Heap after GC invocations=49 (full 0):
 garbage-first heap   total 55296K, used 32110K [0x00000000c0c00000, 0x0000000100000000)
  region size 1024K, 2 young (2048K), 2 survivors (2048K)
 Metaspace       used 66976K, capacity 68482K, committed 68636K, reserved 1110016K
  class space    used 8405K, capacity 8981K, committed 9068K, reserved 1048576K
}
Event: 40.947 GC heap before
{Heap before GC invocations=50 (full 0):
 garbage-first heap   total 56320K, used 45422K [0x00000000c0c00000, 0x0000000100000000)
  region size 1024K, 15 young (15360K), 2 survivors (2048K)
 Metaspace       used 67541K, capacity 69113K, committed 69404K, reserved 1110016K
  class space    used 8433K, capacity 9026K, committed 9068K, reserved 1048576K
}
Event: 40.965 GC heap after
{Heap after GC invocations=51 (full 0):
 garbage-first heap   total 56320K, used 33087K [0x00000000c0c00000, 0x0000000100000000)
  region size 1024K, 2 young (2048K), 2 survivors (2048K)
 Metaspace       used 67541K, capacity 69113K, committed 69404K, reserved 1110016K
  class space    used 8433K, capacity 9026K, committed 9068K, reserved 1048576K
}
Event: 41.723 GC heap before
{Heap before GC invocations=51 (full 0):
 garbage-first heap   total 56320K, used 46399K [0x00000000c0c00000, 0x0000000100000000)
  region size 1024K, 15 young (15360K), 2 survivors (2048K)
 Metaspace       used 69108K, capacity 70686K, committed 70940K, reserved 1112064K
  class space    used 8669K, capacity 9274K, committed 9324K, reserved 1048576K
}
Event: 41.732 GC heap after
{Heap after GC invocations=52 (full 0):
 garbage-first heap   total 56320K, used 33790K [0x00000000c0c00000, 0x0000000100000000)
  region size 1024K, 1 young (1024K), 1 survivors (1024K)
 Metaspace       used 69108K, capacity 70686K, committed 70940K, reserved 1112064K
  class space    used 8669K, capacity 9274K, committed 9324K, reserved 1048576K
}
Event: 43.378 GC heap before
{Heap before GC invocations=53 (full 0):
 garbage-first heap   total 60416K, used 46078K [0x00000000c0c00000, 0x0000000100000000)
  region size 1024K, 13 young (13312K), 1 survivors (1024K)
 Metaspace       used 70158K, capacity 71757K, committed 71836K, reserved 1112064K
  class space    used 8809K, capacity 9439K, committed 9452K, reserved 1048576K
}
Event: 43.384 GC heap after
{Heap after GC invocations=54 (full 0):
 garbage-first heap   total 60416K, used 34839K [0x00000000c0c00000, 0x0000000100000000)
  region size 1024K, 2 young (2048K), 2 survivors (2048K)
 Metaspace       used 70158K, capacity 71757K, committed 71836K, reserved 1112064K
  class space    used 8809K, capacity 9439K, committed 9452K, reserved 1048576K
}
Event: 44.076 GC heap before
{Heap before GC invocations=54 (full 0):
 garbage-first heap   total 60416K, used 50199K [0x00000000c0c00000, 0x0000000100000000)
  region size 1024K, 17 young (17408K), 2 survivors (2048K)
 Metaspace       used 71903K, capacity 73560K, committed 73628K, reserved 1114112K
  class space    used 9019K, capacity 9673K, committed 9708K, reserved 1048576K
}
Event: 44.085 GC heap after
{Heap after GC invocations=55 (full 0):
 garbage-first heap   total 60416K, used 36408K [0x00000000c0c00000, 0x0000000100000000)
  region size 1024K, 3 young (3072K), 3 survivors (3072K)
 Metaspace       used 71903K, capacity 73560K, committed 73628K, reserved 1114112K
  class space    used 9019K, capacity 9673K, committed 9708K, reserved 1048576K
}
Event: 45.179 GC heap before
{Heap before GC invocations=56 (full 0):
 garbage-first heap   total 63488K, used 49720K [0x00000000c0c00000, 0x0000000100000000)
  region size 1024K, 16 young (16384K), 3 survivors (3072K)
 Metaspace       used 71912K, capacity 73600K, committed 73884K, reserved 1114112K
  class space    used 9017K, capacity 9669K, committed 9708K, reserved 1048576K
}
Event: 45.191 GC heap after
{Heap after GC invocations=57 (full 0):
 garbage-first heap   total 63488K, used 39561K [0x00000000c0c00000, 0x0000000100000000)
  region size 1024K, 2 young (2048K), 2 survivors (2048K)
 Metaspace       used 71912K, capacity 73600K, committed 73884K, reserved 1114112K
  class space    used 9017K, capacity 9669K, committed 9708K, reserved 1048576K
}
Event: 45.305 GC heap before
{Heap before GC invocations=57 (full 0):
 garbage-first heap   total 63488K, used 46729K [0x00000000c0c00000, 0x0000000100000000)
  region size 1024K, 11 young (11264K), 2 survivors (2048K)
 Metaspace       used 71918K, capacity 73600K, committed 73884K, reserved 1114112K
  class space    used 9017K, capacity 9669K, committed 9708K, reserved 1048576K
}
Event: 45.311 GC heap after
{Heap after GC invocations=58 (full 0):
 garbage-first heap   total 63488K, used 41745K [0x00000000c0c00000, 0x0000000100000000)
  region size 1024K, 2 young (2048K), 2 survivors (2048K)
 Metaspace       used 71918K, capacity 73600K, committed 73884K, reserved 1114112K
  class space    used 9017K, capacity 9669K, committed 9708K, reserved 1048576K
}
Event: 45.488 GC heap before
{Heap before GC invocations=58 (full 0):
 garbage-first heap   total 78848K, used 51985K [0x00000000c0c00000, 0x0000000100000000)
  region size 1024K, 11 young (11264K), 2 survivors (2048K)
 Metaspace       used 71930K, capacity 73664K, committed 73884K, reserved 1114112K
  class space    used 9017K, capacity 9669K, committed 9708K, reserved 1048576K
}
Event: 45.495 GC heap after
{Heap after GC invocations=59 (full 0):
 garbage-first heap   total 78848K, used 44150K [0x00000000c0c00000, 0x0000000100000000)
  region size 1024K, 2 young (2048K), 2 survivors (2048K)
 Metaspace       used 71930K, capacity 73664K, committed 73884K, reserved 1114112K
  class space    used 9017K, capacity 9669K, committed 9708K, reserved 1048576K
}
Event: 46.129 GC heap before
{Heap before GC invocations=60 (full 0):
 garbage-first heap   total 78848K, used 60534K [0x00000000c0c00000, 0x0000000100000000)
  region size 1024K, 18 young (18432K), 2 survivors (2048K)
 Metaspace       used 72039K, capacity 73734K, committed 73884K, reserved 1114112K
  class space    used 9026K, capacity 9671K, committed 9708K, reserved 1048576K
}

