# JRE version: OpenJDK Runtime Environment (14.0.2+12) (build 14.0.2+12-46)
# Java VM: OpenJDK 64-Bit Server VM (14.0.2+12-46, mixed mode, tiered, compressed oops, g1 gc, windows-amd64)
Heap:
 garbage-first heap   total 99328K, used 74296K [0x00000000c0c00000, 0x0000000100000000)
  region size 1024K, 35 young (35840K), 4 survivors (4096K)
 Metaspace       used 83400K, capacity 85427K, committed 85620K, reserved 1124352K
  class space    used 10101K, capacity 10847K, committed 10956K, reserved 1048576K
GC Heap History (20 events):
Event: 79796.820 GC heap after
{Heap after GC invocations=149 (full 1):
 garbage-first heap   total 109568K, used 41405K [0x00000000c0c00000, 0x0000000100000000)
  region size 1024K, 1 young (1024K), 1 survivors (1024K)
 Metaspace       used 82303K, capacity 84233K, committed 84468K, reserved 1122304K
  class space    used 10021K, capacity 10746K, committed 10828K, reserved 1048576K
}
Event: 79797.109 GC heap before
{Heap before GC invocations=149 (full 1):
 garbage-first heap   total 109568K, used 43453K [0x00000000c0c00000, 0x0000000100000000)
  region size 1024K, 5 young (5120K), 1 survivors (1024K)
 Metaspace       used 82308K, capacity 84233K, committed 84468K, reserved 1122304K
  class space    used 10021K, capacity 10746K, committed 10828K, reserved 1048576K
}
Event: 79797.130 GC heap after
{Heap after GC invocations=150 (full 1):
 garbage-first heap   total 109568K, used 41490K [0x00000000c0c00000, 0x0000000100000000)
  region size 1024K, 1 young (1024K), 1 survivors (1024K)
 Metaspace       used 82308K, capacity 84233K, committed 84468K, reserved 1122304K
  class space    used 10021K, capacity 10746K, committed 10828K, reserved 1048576K
}
Event: 79798.203 GC heap before
{Heap before GC invocations=151 (full 1):
 garbage-first heap   total 109568K, used 70162K [0x00000000c0c00000, 0x0000000100000000)
  region size 1024K, 30 young (30720K), 1 survivors (1024K)
 Metaspace       used 82385K, capacity 84281K, committed 84468K, reserved 1122304K
  class space    used 10026K, capacity 10754K, committed 10828K, reserved 1048576K
}
Event: 79798.222 GC heap after
{Heap after GC invocations=152 (full 1):
 garbage-first heap   total 109568K, used 49698K [0x00000000c0c00000, 0x0000000100000000)
  region size 1024K, 5 young (5120K), 5 survivors (5120K)
 Metaspace       used 82385K, capacity 84281K, committed 84468K, reserved 1122304K
  class space    used 10026K, capacity 10754K, committed 10828K, reserved 1048576K
}
Event: 79798.433 GC heap before
{Heap before GC invocations=152 (full 1):
 garbage-first heap   total 119808K, used 81442K [0x00000000c0c00000, 0x0000000100000000)
  region size 1024K, 35 young (35840K), 5 survivors (5120K)
 Metaspace       used 82388K, capacity 84281K, committed 84468K, reserved 1122304K
  class space    used 10026K, capacity 10754K, committed 10828K, reserved 1048576K
}
Event: 79798.471 GC heap after
{Heap after GC invocations=153 (full 1):
 garbage-first heap   total 119808K, used 57015K [0x00000000c0c00000, 0x0000000100000000)
  region size 1024K, 5 young (5120K), 5 survivors (5120K)
 Metaspace       used 82388K, capacity 84281K, committed 84468K, reserved 1122304K
  class space    used 10026K, capacity 10754K, committed 10828K, reserved 1048576K
}
Event: 79800.861 GC heap before
{Heap before GC invocations=154 (full 1):
 garbage-first heap   total 119808K, used 79543K [0x00000000c0c00000, 0x0000000100000000)
  region size 1024K, 28 young (28672K), 5 survivors (5120K)
 Metaspace       used 82456K, capacity 84439K, committed 84724K, reserved 1124352K
  class space    used 10029K, capacity 10760K, committed 10828K, reserved 1048576K
}
Event: 79801.085 GC heap after
{Heap after GC invocations=155 (full 2):
 garbage-first heap   total 99328K, used 28521K [0x00000000c0c00000, 0x0000000100000000)
  region size 1024K, 0 young (0K), 0 survivors (0K)
 Metaspace       used 82416K, capacity 84379K, committed 84724K, reserved 1124352K
  class space    used 10021K, capacity 10746K, committed 10828K, reserved 1048576K
}
Event: 79801.784 GC heap before
{Heap before GC invocations=155 (full 2):
 garbage-first heap   total 99328K, used 66409K [0x00000000c0c00000, 0x0000000100000000)
  region size 1024K, 37 young (37888K), 0 survivors (0K)
 Metaspace       used 82604K, capacity 84588K, committed 84724K, reserved 1124352K
  class space    used 10035K, capacity 10791K, committed 10828K, reserved 1048576K
}
Event: 79801.790 GC heap after
{Heap after GC invocations=156 (full 2):
 garbage-first heap   total 99328K, used 30515K [0x00000000c0c00000, 0x0000000100000000)
  region size 1024K, 2 young (2048K), 2 survivors (2048K)
 Metaspace       used 82604K, capacity 84588K, committed 84724K, reserved 1124352K
  class space    used 10035K, capacity 10791K, committed 10828K, reserved 1048576K
}
Event: 79801.957 GC heap before
{Heap before GC invocations=156 (full 2):
 garbage-first heap   total 99328K, used 69427K [0x00000000c0c00000, 0x0000000100000000)
  region size 1024K, 41 young (41984K), 2 survivors (2048K)
 Metaspace       used 82626K, capacity 84594K, committed 84724K, reserved 1124352K
  class space    used 10038K, capacity 10793K, committed 10828K, reserved 1048576K
}
Event: 79801.991 GC heap after
{Heap after GC invocations=157 (full 2):
 garbage-first heap   total 99328K, used 31085K [0x00000000c0c00000, 0x0000000100000000)
  region size 1024K, 3 young (3072K), 3 survivors (3072K)
 Metaspace       used 82626K, capacity 84594K, committed 84724K, reserved 1124352K
  class space    used 10038K, capacity 10793K, committed 10828K, reserved 1048576K
}
Event: 79802.978 GC heap before
{Heap before GC invocations=158 (full 2):
 garbage-first heap   total 99328K, used 71021K [0x00000000c0c00000, 0x0000000100000000)
  region size 1024K, 43 young (44032K), 3 survivors (3072K)
 Metaspace       used 82797K, capacity 84792K, committed 84980K, reserved 1124352K
  class space    used 10047K, capacity 10794K, committed 10828K, reserved 1048576K
}
Event: 79802.987 GC heap after
{Heap after GC invocations=159 (full 2):
 garbage-first heap   total 99328K, used 33352K [0x00000000c0c00000, 0x0000000100000000)
  region size 1024K, 5 young (5120K), 5 survivors (5120K)
 Metaspace       used 82797K, capacity 84792K, committed 84980K, reserved 1124352K
  class space    used 10047K, capacity 10794K, committed 10828K, reserved 1048576K
}
Event: 79803.858 GC heap before
{Heap before GC invocations=159 (full 2):
 garbage-first heap   total 99328K, used 72264K [0x00000000c0c00000, 0x0000000100000000)
  region size 1024K, 44 young (45056K), 5 survivors (5120K)
 Metaspace       used 83168K, capacity 85185K, committed 85236K, reserved 1124352K
  class space    used 10066K, capacity 10809K, committed 10828K, reserved 1048576K
}
Event: 79803.877 GC heap after
{Heap after GC invocations=160 (full 2):
 garbage-first heap   total 99328K, used 37283K [0x00000000c0c00000, 0x0000000100000000)
  region size 1024K, 6 young (6144K), 6 survivors (6144K)
 Metaspace       used 83168K, capacity 85185K, committed 85236K, reserved 1124352K
  class space    used 10066K, capacity 10809K, committed 10828K, reserved 1048576K
}
Event: 79804.162 GC heap before
{Heap before GC invocations=161 (full 2):
 garbage-first heap   total 99328K, used 58915K [0x00000000c0c00000, 0x0000000100000000)
  region size 1024K, 29 young (29696K), 6 survivors (6144K)
 Metaspace       used 83174K, capacity 85185K, committed 85236K, reserved 1124352K
  class space    used 10066K, capacity 10809K, committed 10828K, reserved 1048576K
}
Event: 79804.189 GC heap after
{Heap after GC invocations=162 (full 2):
 garbage-first heap   total 99328K, used 41528K [0x00000000c0c00000, 0x0000000100000000)
  region size 1024K, 5 young (5120K), 5 survivors (5120K)
 Metaspace       used 83174K, capacity 85185K, committed 85236K, reserved 1124352K
  class space    used 10066K, capacity 10809K, committed 10828K, reserved 1048576K
}
Event: 79922.127 GC heap before
{Heap before GC invocations=163 (full 2):
 garbage-first heap   total 99328K, used 73272K [0x00000000c0c00000, 0x0000000100000000)
  region size 1024K, 36 young (36864K), 5 survivors (5120K)
 Metaspace       used 83400K, capacity 85427K, committed 85620K, reserved 1124352K
  class space    used 10101K, capacity 10847K, committed 10956K, reserved 1048576K
}

