# JRE version: OpenJDK Runtime Environment (14.0.2+12) (build 14.0.2+12-46)
# Java VM: OpenJDK 64-Bit Server VM (14.0.2+12-46, mixed mode, tiered, compressed oops, g1 gc, windows-amd64)
Heap:
 garbage-first heap   total 65536K, used 52355K [0x00000000c0c00000, 0x0000000100000000)
  region size 1024K, 31 young (31744K), 2 survivors (2048K)
 Metaspace       used 53035K, capacity 54244K, committed 54300K, reserved 1097728K
  class space    used 6573K, capacity 7021K, committed 7040K, reserved 1048576K
GC Heap History (20 events):
Event: 6.152 GC heap after
{Heap after GC invocations=11 (full 0):
 garbage-first heap   total 54272K, used 13389K [0x00000000c0c00000, 0x0000000100000000)
  region size 1024K, 3 young (3072K), 3 survivors (3072K)
 Metaspace       used 26221K, capacity 26922K, committed 27184K, reserved 1073152K
  class space    used 2917K, capacity 3166K, committed 3200K, reserved 1048576K
}
Event: 7.091 GC heap before
{Heap before GC invocations=11 (full 0):
 garbage-first heap   total 54272K, used 42061K [0x00000000c0c00000, 0x0000000100000000)
  region size 1024K, 31 young (31744K), 3 survivors (3072K)
 Metaspace       used 28815K, capacity 29580K, committed 29616K, reserved 1075200K
  class space    used 3280K, capacity 3558K, committed 3584K, reserved 1048576K
}
Event: 7.101 GC heap after
{Heap after GC invocations=12 (full 0):
 garbage-first heap   total 54272K, used 14382K [0x00000000c0c00000, 0x0000000100000000)
  region size 1024K, 3 young (3072K), 3 survivors (3072K)
 Metaspace       used 28815K, capacity 29580K, committed 29616K, reserved 1075200K
  class space    used 3280K, capacity 3558K, committed 3584K, reserved 1048576K
}
Event: 8.365 GC heap before
{Heap before GC invocations=12 (full 0):
 garbage-first heap   total 54272K, used 42030K [0x00000000c0c00000, 0x0000000100000000)
  region size 1024K, 31 young (31744K), 3 survivors (3072K)
 Metaspace       used 32742K, capacity 33637K, committed 33840K, reserved 1079296K
  class space    used 3817K, capacity 4174K, committed 4224K, reserved 1048576K
}
Event: 8.378 GC heap after
{Heap after GC invocations=13 (full 0):
 garbage-first heap   total 54272K, used 16454K [0x00000000c0c00000, 0x0000000100000000)
  region size 1024K, 4 young (4096K), 4 survivors (4096K)
 Metaspace       used 32742K, capacity 33637K, committed 33840K, reserved 1079296K
  class space    used 3817K, capacity 4174K, committed 4224K, reserved 1048576K
}
Event: 8.924 GC heap before
{Heap before GC invocations=13 (full 0):
 garbage-first heap   total 54272K, used 27718K [0x00000000c0c00000, 0x0000000100000000)
  region size 1024K, 16 young (16384K), 4 survivors (4096K)
 Metaspace       used 34754K, capacity 35743K, committed 35888K, reserved 1081344K
  class space    used 4074K, capacity 4451K, committed 4480K, reserved 1048576K
}
Event: 8.935 GC heap after
{Heap after GC invocations=14 (full 0):
 garbage-first heap   total 54272K, used 17285K [0x00000000c0c00000, 0x0000000100000000)
  region size 1024K, 1 young (1024K), 1 survivors (1024K)
 Metaspace       used 34754K, capacity 35743K, committed 35888K, reserved 1081344K
  class space    used 4074K, capacity 4451K, committed 4480K, reserved 1048576K
}
Event: 9.087 GC heap before
{Heap before GC invocations=15 (full 0):
 garbage-first heap   total 54272K, used 40837K [0x00000000c0c00000, 0x0000000100000000)
  region size 1024K, 25 young (25600K), 1 survivors (1024K)
 Metaspace       used 35107K, capacity 36043K, committed 36252K, reserved 1081344K
  class space    used 4115K, capacity 4487K, committed 4608K, reserved 1048576K
}
Event: 9.091 GC heap after
{Heap after GC invocations=16 (full 0):
 garbage-first heap   total 65536K, used 17579K [0x00000000c0c00000, 0x0000000100000000)
  region size 1024K, 2 young (2048K), 2 survivors (2048K)
 Metaspace       used 35107K, capacity 36043K, committed 36252K, reserved 1081344K
  class space    used 4115K, capacity 4487K, committed 4608K, reserved 1048576K
}
Event: 9.202 GC heap before
{Heap before GC invocations=16 (full 0):
 garbage-first heap   total 65536K, used 49323K [0x00000000c0c00000, 0x0000000100000000)
  region size 1024K, 34 young (34816K), 2 survivors (2048K)
 Metaspace       used 35812K, capacity 36807K, committed 37020K, reserved 1081344K
  class space    used 4178K, capacity 4592K, committed 4608K, reserved 1048576K
}
Event: 9.206 GC heap after
{Heap after GC invocations=17 (full 0):
 garbage-first heap   total 65536K, used 17883K [0x00000000c0c00000, 0x0000000100000000)
  region size 1024K, 2 young (2048K), 2 survivors (2048K)
 Metaspace       used 35812K, capacity 36807K, committed 37020K, reserved 1081344K
  class space    used 4178K, capacity 4592K, committed 4608K, reserved 1048576K
}
Event: 9.220 GC heap before
{Heap before GC invocations=17 (full 0):
 garbage-first heap   total 65536K, used 50651K [0x00000000c0c00000, 0x0000000100000000)
  region size 1024K, 35 young (35840K), 2 survivors (2048K)
 Metaspace       used 35813K, capacity 36807K, committed 37020K, reserved 1081344K
  class space    used 4178K, capacity 4592K, committed 4608K, reserved 1048576K
}
Event: 9.224 GC heap after
{Heap after GC invocations=18 (full 0):
 garbage-first heap   total 65536K, used 17849K [0x00000000c0c00000, 0x0000000100000000)
  region size 1024K, 2 young (2048K), 2 survivors (2048K)
 Metaspace       used 35813K, capacity 36807K, committed 37020K, reserved 1081344K
  class space    used 4178K, capacity 4592K, committed 4608K, reserved 1048576K
}
Event: 10.230 GC heap before
{Heap before GC invocations=18 (full 0):
 garbage-first heap   total 65536K, used 52665K [0x00000000c0c00000, 0x0000000100000000)
  region size 1024K, 36 young (36864K), 2 survivors (2048K)
 Metaspace       used 39357K, capacity 40494K, committed 40604K, reserved 1085440K
  class space    used 4649K, capacity 5114K, committed 5120K, reserved 1048576K
}
Event: 10.238 GC heap after
{Heap after GC invocations=19 (full 0):
 garbage-first heap   total 65536K, used 18861K [0x00000000c0c00000, 0x0000000100000000)
  region size 1024K, 3 young (3072K), 3 survivors (3072K)
 Metaspace       used 39357K, capacity 40494K, committed 40604K, reserved 1085440K
  class space    used 4649K, capacity 5114K, committed 5120K, reserved 1048576K
}
Event: 10.840 GC heap before
{Heap before GC invocations=19 (full 0):
 garbage-first heap   total 65536K, used 52653K [0x00000000c0c00000, 0x0000000100000000)
  region size 1024K, 36 young (36864K), 3 survivors (3072K)
 Metaspace       used 43607K, capacity 44748K, committed 44956K, reserved 1089536K
  class space    used 5358K, capacity 5785K, committed 5888K, reserved 1048576K
}
Event: 10.849 GC heap after
{Heap after GC invocations=20 (full 0):
 garbage-first heap   total 65536K, used 19774K [0x00000000c0c00000, 0x0000000100000000)
  region size 1024K, 4 young (4096K), 4 survivors (4096K)
 Metaspace       used 43607K, capacity 44748K, committed 44956K, reserved 1089536K
  class space    used 5358K, capacity 5785K, committed 5888K, reserved 1048576K
}
Event: 11.959 GC heap before
{Heap before GC invocations=20 (full 0):
 garbage-first heap   total 65536K, used 52542K [0x00000000c0c00000, 0x0000000100000000)
  region size 1024K, 36 young (36864K), 4 survivors (4096K)
 Metaspace       used 50927K, capacity 52091K, committed 52252K, reserved 1095680K
  class space    used 6286K, capacity 6719K, committed 6784K, reserved 1048576K
}
Event: 11.972 GC heap after
{Heap after GC invocations=21 (full 0):
 garbage-first heap   total 65536K, used 22668K [0x00000000c0c00000, 0x0000000100000000)
  region size 1024K, 5 young (5120K), 5 survivors (5120K)
 Metaspace       used 50927K, capacity 52091K, committed 52252K, reserved 1095680K
  class space    used 6286K, capacity 6719K, committed 6784K, reserved 1048576K
}
Event: 12.619 GC heap before
{Heap before GC invocations=21 (full 0):
 garbage-first heap   total 65536K, used 51340K [0x00000000c0c00000, 0x0000000100000000)
  region size 1024K, 34 young (34816K), 5 survivors (5120K)
 Metaspace       used 53035K, capacity 54244K, committed 54300K, reserved 1097728K
  class space    used 6573K, capacity 7021K, committed 7040K, reserved 1048576K
}

