# JRE version: OpenJDK Runtime Environment (14.0.2+12) (build 14.0.2+12-46)
# Java VM: OpenJDK 64-Bit Server VM (14.0.2+12-46, mixed mode, tiered, compressed oops, g1 gc, windows-amd64)
Heap:
 garbage-first heap   total 65536K, used 40560K [0x00000000c0c00000, 0x0000000100000000)
  region size 1024K, 23 young (23552K), 5 survivors (5120K)
 Metaspace       used 51285K, capacity 52504K, committed 52636K, reserved 1095680K
  class space    used 6317K, capacity 6789K, committed 6912K, reserved 1048576K
GC Heap History (20 events):
Event: 5.003 GC heap before
{Heap before GC invocations=10 (full 0):
 garbage-first heap   total 54272K, used 41773K [0x00000000c0c00000, 0x0000000100000000)
  region size 1024K, 31 young (31744K), 2 survivors (2048K)
 Metaspace       used 26359K, capacity 27029K, committed 27312K, reserved 1073152K
  class space    used 2929K, capacity 3204K, committed 3328K, reserved 1048576K
}
Event: 5.010 GC heap after
{Heap after GC invocations=11 (full 0):
 garbage-first heap   total 54272K, used 13460K [0x00000000c0c00000, 0x0000000100000000)
  region size 1024K, 3 young (3072K), 3 survivors (3072K)
 Metaspace       used 26359K, capacity 27029K, committed 27312K, reserved 1073152K
  class space    used 2929K, capacity 3204K, committed 3328K, reserved 1048576K
}
Event: 6.317 GC heap before
{Heap before GC invocations=11 (full 0):
 garbage-first heap   total 54272K, used 42132K [0x00000000c0c00000, 0x0000000100000000)
  region size 1024K, 31 young (31744K), 3 survivors (3072K)
 Metaspace       used 29137K, capacity 29909K, committed 30000K, reserved 1075200K
  class space    used 3312K, capacity 3627K, committed 3712K, reserved 1048576K
}
Event: 6.326 GC heap after
{Heap after GC invocations=12 (full 0):
 garbage-first heap   total 54272K, used 14415K [0x00000000c0c00000, 0x0000000100000000)
  region size 1024K, 3 young (3072K), 3 survivors (3072K)
 Metaspace       used 29137K, capacity 29909K, committed 30000K, reserved 1075200K
  class space    used 3312K, capacity 3627K, committed 3712K, reserved 1048576K
}
Event: 7.769 GC heap before
{Heap before GC invocations=12 (full 0):
 garbage-first heap   total 54272K, used 42063K [0x00000000c0c00000, 0x0000000100000000)
  region size 1024K, 30 young (30720K), 3 survivors (3072K)
 Metaspace       used 32472K, capacity 33361K, committed 33584K, reserved 1079296K
  class space    used 3769K, capacity 4107K, committed 4224K, reserved 1048576K
}
Event: 7.781 GC heap after
{Heap after GC invocations=13 (full 0):
 garbage-first heap   total 54272K, used 16164K [0x00000000c0c00000, 0x0000000100000000)
  region size 1024K, 4 young (4096K), 4 survivors (4096K)
 Metaspace       used 32472K, capacity 33361K, committed 33584K, reserved 1079296K
  class space    used 3769K, capacity 4107K, committed 4224K, reserved 1048576K
}
Event: 8.633 GC heap before
{Heap before GC invocations=13 (full 0):
 garbage-first heap   total 54272K, used 29476K [0x00000000c0c00000, 0x0000000100000000)
  region size 1024K, 18 young (18432K), 4 survivors (4096K)
 Metaspace       used 34799K, capacity 35810K, committed 35888K, reserved 1081344K
  class space    used 4075K, capacity 4454K, committed 4480K, reserved 1048576K
}
Event: 8.654 GC heap after
{Heap after GC invocations=14 (full 0):
 garbage-first heap   total 54272K, used 17158K [0x00000000c0c00000, 0x0000000100000000)
  region size 1024K, 3 young (3072K), 3 survivors (3072K)
 Metaspace       used 34799K, capacity 35810K, committed 35888K, reserved 1081344K
  class space    used 4075K, capacity 4454K, committed 4480K, reserved 1048576K
}
Event: 8.797 GC heap before
{Heap before GC invocations=15 (full 0):
 garbage-first heap   total 54272K, used 40710K [0x00000000c0c00000, 0x0000000100000000)
  region size 1024K, 27 young (27648K), 3 survivors (3072K)
 Metaspace       used 35150K, capacity 36110K, committed 36508K, reserved 1081344K
  class space    used 4116K, capacity 4490K, committed 4608K, reserved 1048576K
}
Event: 8.805 GC heap after
{Heap after GC invocations=16 (full 0):
 garbage-first heap   total 65536K, used 17526K [0x00000000c0c00000, 0x0000000100000000)
  region size 1024K, 2 young (2048K), 2 survivors (2048K)
 Metaspace       used 35150K, capacity 36110K, committed 36508K, reserved 1081344K
  class space    used 4116K, capacity 4490K, committed 4608K, reserved 1048576K
}
Event: 8.990 GC heap before
{Heap before GC invocations=16 (full 0):
 garbage-first heap   total 65536K, used 50294K [0x00000000c0c00000, 0x0000000100000000)
  region size 1024K, 35 young (35840K), 2 survivors (2048K)
 Metaspace       used 35739K, capacity 36801K, committed 37020K, reserved 1081344K
  class space    used 4171K, capacity 4592K, committed 4608K, reserved 1048576K
}
Event: 8.994 GC heap after
{Heap after GC invocations=17 (full 0):
 garbage-first heap   total 65536K, used 17641K [0x00000000c0c00000, 0x0000000100000000)
  region size 1024K, 2 young (2048K), 2 survivors (2048K)
 Metaspace       used 35739K, capacity 36801K, committed 37020K, reserved 1081344K
  class space    used 4171K, capacity 4592K, committed 4608K, reserved 1048576K
}
Event: 9.084 GC heap before
{Heap before GC invocations=17 (full 0):
 garbage-first heap   total 65536K, used 51433K [0x00000000c0c00000, 0x0000000100000000)
  region size 1024K, 36 young (36864K), 2 survivors (2048K)
 Metaspace       used 35908K, capacity 36935K, committed 37020K, reserved 1081344K
  class space    used 4188K, capacity 4594K, committed 4608K, reserved 1048576K
}
Event: 9.088 GC heap after
{Heap after GC invocations=18 (full 0):
 garbage-first heap   total 65536K, used 17581K [0x00000000c0c00000, 0x0000000100000000)
  region size 1024K, 2 young (2048K), 2 survivors (2048K)
 Metaspace       used 35908K, capacity 36935K, committed 37020K, reserved 1081344K
  class space    used 4188K, capacity 4594K, committed 4608K, reserved 1048576K
}
Event: 10.648 GC heap before
{Heap before GC invocations=18 (full 0):
 garbage-first heap   total 65536K, used 52397K [0x00000000c0c00000, 0x0000000100000000)
  region size 1024K, 36 young (36864K), 2 survivors (2048K)
 Metaspace       used 39964K, capacity 41065K, committed 41244K, reserved 1085440K
  class space    used 4765K, capacity 5179K, committed 5248K, reserved 1048576K
}
Event: 10.657 GC heap after
{Heap after GC invocations=19 (full 0):
 garbage-first heap   total 65536K, used 18742K [0x00000000c0c00000, 0x0000000100000000)
  region size 1024K, 3 young (3072K), 3 survivors (3072K)
 Metaspace       used 39964K, capacity 41065K, committed 41244K, reserved 1085440K
  class space    used 4765K, capacity 5179K, committed 5248K, reserved 1048576K
}
Event: 11.646 GC heap before
{Heap before GC invocations=19 (full 0):
 garbage-first heap   total 65536K, used 52534K [0x00000000c0c00000, 0x0000000100000000)
  region size 1024K, 36 young (36864K), 3 survivors (3072K)
 Metaspace       used 45039K, capacity 46127K, committed 46364K, reserved 1089536K
  class space    used 5510K, capacity 5928K, committed 6016K, reserved 1048576K
}
Event: 11.656 GC heap after
{Heap after GC invocations=20 (full 0):
 garbage-first heap   total 65536K, used 20118K [0x00000000c0c00000, 0x0000000100000000)
  region size 1024K, 3 young (3072K), 3 survivors (3072K)
 Metaspace       used 45039K, capacity 46127K, committed 46364K, reserved 1089536K
  class space    used 5510K, capacity 5928K, committed 6016K, reserved 1048576K
}
Event: 13.759 GC heap before
{Heap before GC invocations=20 (full 0):
 garbage-first heap   total 65536K, used 51862K [0x00000000c0c00000, 0x0000000100000000)
  region size 1024K, 35 young (35840K), 3 survivors (3072K)
 Metaspace       used 50362K, capacity 51459K, committed 51612K, reserved 1093632K
  class space    used 6223K, capacity 6656K, committed 6656K, reserved 1048576K
}
Event: 13.770 GC heap after
{Heap after GC invocations=21 (full 0):
 garbage-first heap   total 65536K, used 23152K [0x00000000c0c00000, 0x0000000100000000)
  region size 1024K, 5 young (5120K), 5 survivors (5120K)
 Metaspace       used 50362K, capacity 51459K, committed 51612K, reserved 1093632K
  class space    used 6223K, capacity 6656K, committed 6656K, reserved 1048576K
}

