# JRE version: OpenJDK Runtime Environment (14.0.2+12) (build 14.0.2+12-46)
# Java VM: OpenJDK 64-Bit Server VM (14.0.2+12-46, mixed mode, tiered, compressed oops, g1 gc, windows-amd64)
Heap:
 garbage-first heap   total 82944K, used 65253K [0x00000000c0c00000, 0x0000000100000000)
  region size 1024K, 41 young (41984K), 5 survivors (5120K)
 Metaspace       used 66239K, capacity 67791K, committed 68092K, reserved 1107968K
  class space    used 8321K, capacity 8931K, committed 9036K, reserved 1048576K
GC Heap History (20 events):
Event: 7.124 GC heap after
{Heap after GC invocations=14 (full 0):
 garbage-first heap   total 58368K, used 17247K [0x00000000c0c00000, 0x0000000100000000)
  region size 1024K, 4 young (4096K), 4 survivors (4096K)
 Metaspace       used 35102K, capacity 36108K, committed 36220K, reserved 1081344K
  class space    used 4108K, capacity 4490K, committed 4556K, reserved 1048576K
}
Event: 7.153 GC heap before
{Heap before GC invocations=14 (full 0):
 garbage-first heap   total 58368K, used 43871K [0x00000000c0c00000, 0x0000000100000000)
  region size 1024K, 31 young (31744K), 4 survivors (4096K)
 Metaspace       used 35121K, capacity 36108K, committed 36220K, reserved 1081344K
  class space    used 4108K, capacity 4490K, committed 4556K, reserved 1048576K
}
Event: 7.163 GC heap after
{Heap after GC invocations=15 (full 0):
 garbage-first heap   total 70656K, used 17557K [0x00000000c0c00000, 0x0000000100000000)
  region size 1024K, 1 young (1024K), 1 survivors (1024K)
 Metaspace       used 35121K, capacity 36108K, committed 36220K, reserved 1081344K
  class space    used 4108K, capacity 4490K, committed 4556K, reserved 1048576K
}
Event: 7.326 GC heap before
{Heap before GC invocations=15 (full 0):
 garbage-first heap   total 70656K, used 54421K [0x00000000c0c00000, 0x0000000100000000)
  region size 1024K, 38 young (38912K), 1 survivors (1024K)
 Metaspace       used 35719K, capacity 36735K, committed 36860K, reserved 1081344K
  class space    used 4163K, capacity 4592K, committed 4684K, reserved 1048576K
}
Event: 7.329 GC heap after
{Heap after GC invocations=16 (full 0):
 garbage-first heap   total 70656K, used 17344K [0x00000000c0c00000, 0x0000000100000000)
  region size 1024K, 1 young (1024K), 1 survivors (1024K)
 Metaspace       used 35719K, capacity 36735K, committed 36860K, reserved 1081344K
  class space    used 4163K, capacity 4592K, committed 4684K, reserved 1048576K
}
Event: 7.897 GC heap before
{Heap before GC invocations=16 (full 0):
 garbage-first heap   total 70656K, used 56256K [0x00000000c0c00000, 0x0000000100000000)
  region size 1024K, 40 young (40960K), 1 survivors (1024K)
 Metaspace       used 37394K, capacity 38535K, committed 38652K, reserved 1083392K
  class space    used 4406K, capacity 4850K, committed 4940K, reserved 1048576K
}
Event: 7.908 GC heap after
{Heap after GC invocations=17 (full 0):
 garbage-first heap   total 70656K, used 17793K [0x00000000c0c00000, 0x0000000100000000)
  region size 1024K, 1 young (1024K), 1 survivors (1024K)
 Metaspace       used 37394K, capacity 38535K, committed 38652K, reserved 1083392K
  class space    used 4406K, capacity 4850K, committed 4940K, reserved 1048576K
}
Event: 8.347 GC heap before
{Heap before GC invocations=17 (full 0):
 garbage-first heap   total 70656K, used 40321K [0x00000000c0c00000, 0x0000000100000000)
  region size 1024K, 24 young (24576K), 1 survivors (1024K)
 Metaspace       used 40232K, capacity 41255K, committed 41340K, reserved 1085440K
  class space    used 4821K, capacity 5243K, committed 5324K, reserved 1048576K
}
Event: 8.352 GC heap after
{Heap after GC invocations=18 (full 0):
 garbage-first heap   total 70656K, used 18352K [0x00000000c0c00000, 0x0000000100000000)
  region size 1024K, 2 young (2048K), 2 survivors (2048K)
 Metaspace       used 40232K, capacity 41255K, committed 41340K, reserved 1085440K
  class space    used 4821K, capacity 5243K, committed 5324K, reserved 1048576K
}
Event: 9.389 GC heap before
{Heap before GC invocations=19 (full 0):
 garbage-first heap   total 68608K, used 56240K [0x00000000c0c00000, 0x0000000100000000)
  region size 1024K, 40 young (40960K), 2 survivors (2048K)
 Metaspace       used 47242K, capacity 48414K, committed 48636K, reserved 1091584K
  class space    used 5774K, capacity 6200K, committed 6220K, reserved 1048576K
}
Event: 9.405 GC heap after
{Heap after GC invocations=20 (full 0):
 garbage-first heap   total 68608K, used 20932K [0x00000000c0c00000, 0x0000000100000000)
  region size 1024K, 4 young (4096K), 4 survivors (4096K)
 Metaspace       used 47242K, capacity 48414K, committed 48636K, reserved 1091584K
  class space    used 5774K, capacity 6200K, committed 6220K, reserved 1048576K
}
Event: 11.009 GC heap before
{Heap before GC invocations=20 (full 0):
 garbage-first heap   total 68608K, used 54724K [0x00000000c0c00000, 0x0000000100000000)
  region size 1024K, 37 young (37888K), 4 survivors (4096K)
 Metaspace       used 52961K, capacity 54090K, committed 54396K, reserved 1097728K
  class space    used 6577K, capacity 7045K, committed 7116K, reserved 1048576K
}
Event: 11.021 GC heap after
{Heap after GC invocations=21 (full 0):
 garbage-first heap   total 68608K, used 22562K [0x00000000c0c00000, 0x0000000100000000)
  region size 1024K, 2 young (2048K), 2 survivors (2048K)
 Metaspace       used 52961K, capacity 54090K, committed 54396K, reserved 1097728K
  class space    used 6577K, capacity 7045K, committed 7116K, reserved 1048576K
}
Event: 11.657 GC heap before
{Heap before GC invocations=21 (full 0):
 garbage-first heap   total 68608K, used 54306K [0x00000000c0c00000, 0x0000000100000000)
  region size 1024K, 33 young (33792K), 2 survivors (2048K)
 Metaspace       used 56642K, capacity 57838K, committed 58108K, reserved 1099776K
  class space    used 7154K, capacity 7632K, committed 7756K, reserved 1048576K
}
Event: 11.664 GC heap after
{Heap after GC invocations=22 (full 0):
 garbage-first heap   total 82944K, used 23399K [0x00000000c0c00000, 0x0000000100000000)
  region size 1024K, 3 young (3072K), 3 survivors (3072K)
 Metaspace       used 56642K, capacity 57838K, committed 58108K, reserved 1099776K
  class space    used 7154K, capacity 7632K, committed 7756K, reserved 1048576K
}
Event: 12.682 GC heap before
{Heap before GC invocations=22 (full 0):
 garbage-first heap   total 82944K, used 65383K [0x00000000c0c00000, 0x0000000100000000)
  region size 1024K, 44 young (45056K), 3 survivors (3072K)
 Metaspace       used 59284K, capacity 60507K, committed 60796K, reserved 1101824K
  class space    used 7514K, capacity 8003K, committed 8140K, reserved 1048576K
}
Event: 12.690 GC heap after
{Heap after GC invocations=23 (full 0):
 garbage-first heap   total 82944K, used 25669K [0x00000000c0c00000, 0x0000000100000000)
  region size 1024K, 5 young (5120K), 5 survivors (5120K)
 Metaspace       used 59284K, capacity 60507K, committed 60796K, reserved 1101824K
  class space    used 7514K, capacity 8003K, committed 8140K, reserved 1048576K
}
Event: 14.223 GC heap before
{Heap before GC invocations=23 (full 0):
 garbage-first heap   total 82944K, used 65605K [0x00000000c0c00000, 0x0000000100000000)
  region size 1024K, 44 young (45056K), 5 survivors (5120K)
 Metaspace       used 62512K, capacity 63869K, committed 63996K, reserved 1105920K
  class space    used 7895K, capacity 8439K, committed 8524K, reserved 1048576K
}
Event: 14.236 GC heap after
{Heap after GC invocations=24 (full 0):
 garbage-first heap   total 82944K, used 28389K [0x00000000c0c00000, 0x0000000100000000)
  region size 1024K, 5 young (5120K), 5 survivors (5120K)
 Metaspace       used 62512K, capacity 63869K, committed 63996K, reserved 1105920K
  class space    used 7895K, capacity 8439K, committed 8524K, reserved 1048576K
}
Event: 16.087 GC heap before
{Heap before GC invocations=24 (full 0):
 garbage-first heap   total 82944K, used 65253K [0x00000000c0c00000, 0x0000000100000000)
  region size 1024K, 41 young (41984K), 5 survivors (5120K)
 Metaspace       used 66239K, capacity 67791K, committed 68092K, reserved 1107968K
  class space    used 8321K, capacity 8931K, committed 9036K, reserved 1048576K
}

