# JRE version: OpenJDK Runtime Environment (14.0.2+12) (build 14.0.2+12-46)
# Java VM: OpenJDK 64-Bit Server VM (14.0.2+12-46, mixed mode, tiered, compressed oops, g1 gc, windows-amd64)
Heap:
 garbage-first heap   total 84992K, used 64102K [0x00000000c0c00000, 0x0000000100000000)
  region size 1024K, 15 young (15360K), 2 survivors (2048K)
 Metaspace       used 71918K, capacity 73630K, committed 73884K, reserved 1114112K
  class space    used 9028K, capacity 9676K, committed 9728K, reserved 1048576K
GC Heap History (20 events):
Event: 12.765 GC heap before
{Heap before GC invocations=21 (full 0):
 garbage-first heap   total 70656K, used 55857K [0x00000000c0c00000, 0x0000000100000000)
  region size 1024K, 34 young (34816K), 2 survivors (2048K)
 Metaspace       used 56870K, capacity 58152K, committed 58268K, reserved 1099776K
  class space    used 7161K, capacity 7641K, committed 7680K, reserved 1048576K
}
Event: 12.773 GC heap after
{Heap after GC invocations=22 (full 0):
 garbage-first heap   total 70656K, used 25861K [0x00000000c0c00000, 0x0000000100000000)
  region size 1024K, 4 young (4096K), 4 survivors (4096K)
 Metaspace       used 56870K, capacity 58152K, committed 58268K, reserved 1099776K
  class space    used 7161K, capacity 7641K, committed 7680K, reserved 1048576K
}
Event: 14.159 GC heap before
{Heap before GC invocations=22 (full 0):
 garbage-first heap   total 70656K, used 56581K [0x00000000c0c00000, 0x0000000100000000)
  region size 1024K, 34 young (34816K), 4 survivors (4096K)
 Metaspace       used 58264K, capacity 59507K, committed 59804K, reserved 1101824K
  class space    used 7325K, capacity 7810K, committed 7936K, reserved 1048576K
}
Event: 14.167 GC heap after
{Heap after GC invocations=23 (full 0):
 garbage-first heap   total 70656K, used 27569K [0x00000000c0c00000, 0x0000000100000000)
  region size 1024K, 4 young (4096K), 4 survivors (4096K)
 Metaspace       used 58264K, capacity 59507K, committed 59804K, reserved 1101824K
  class space    used 7325K, capacity 7810K, committed 7936K, reserved 1048576K
}
Event: 14.455 GC heap before
{Heap before GC invocations=23 (full 0):
 garbage-first heap   total 70656K, used 35761K [0x00000000c0c00000, 0x0000000100000000)
  region size 1024K, 13 young (13312K), 4 survivors (4096K)
 Metaspace       used 59011K, capacity 60252K, committed 60316K, reserved 1101824K
  class space    used 7401K, capacity 7886K, committed 7936K, reserved 1048576K
}
Event: 14.461 GC heap after
{Heap after GC invocations=24 (full 0):
 garbage-first heap   total 70656K, used 27712K [0x00000000c0c00000, 0x0000000100000000)
  region size 1024K, 2 young (2048K), 2 survivors (2048K)
 Metaspace       used 59011K, capacity 60252K, committed 60316K, reserved 1101824K
  class space    used 7401K, capacity 7886K, committed 7936K, reserved 1048576K
}
Event: 16.581 GC heap before
{Heap before GC invocations=25 (full 0):
 garbage-first heap   total 70656K, used 57408K [0x00000000c0c00000, 0x0000000100000000)
  region size 1024K, 31 young (31744K), 2 survivors (2048K)
 Metaspace       used 61119K, capacity 62387K, committed 62748K, reserved 1103872K
  class space    used 7699K, capacity 8193K, committed 8320K, reserved 1048576K
}
Event: 16.594 GC heap after
{Heap after GC invocations=26 (full 0):
 garbage-first heap   total 70656K, used 28948K [0x00000000c0c00000, 0x0000000100000000)
  region size 1024K, 4 young (4096K), 4 survivors (4096K)
 Metaspace       used 61119K, capacity 62387K, committed 62748K, reserved 1103872K
  class space    used 7699K, capacity 8193K, committed 8320K, reserved 1048576K
}
Event: 17.283 GC heap before
{Heap before GC invocations=27 (full 0):
 garbage-first heap   total 70656K, used 56596K [0x00000000c0c00000, 0x0000000100000000)
  region size 1024K, 31 young (31744K), 4 survivors (4096K)
 Metaspace       used 64936K, capacity 66344K, committed 66588K, reserved 1107968K
  class space    used 8188K, capacity 8717K, committed 8832K, reserved 1048576K
}
Event: 17.294 GC heap after
{Heap after GC invocations=28 (full 0):
 garbage-first heap   total 84992K, used 30036K [0x00000000c0c00000, 0x0000000100000000)
  region size 1024K, 3 young (3072K), 3 survivors (3072K)
 Metaspace       used 64936K, capacity 66344K, committed 66588K, reserved 1107968K
  class space    used 8188K, capacity 8717K, committed 8832K, reserved 1048576K
}
Event: 18.148 GC heap before
{Heap before GC invocations=28 (full 0):
 garbage-first heap   total 84992K, used 67924K [0x00000000c0c00000, 0x0000000100000000)
  region size 1024K, 40 young (40960K), 3 survivors (3072K)
 Metaspace       used 67070K, capacity 68598K, committed 68892K, reserved 1110016K
  class space    used 8414K, capacity 8990K, committed 9088K, reserved 1048576K
}
Event: 18.163 GC heap after
{Heap after GC invocations=29 (full 0):
 garbage-first heap   total 84992K, used 32467K [0x00000000c0c00000, 0x0000000100000000)
  region size 1024K, 5 young (5120K), 5 survivors (5120K)
 Metaspace       used 67070K, capacity 68598K, committed 68892K, reserved 1110016K
  class space    used 8414K, capacity 8990K, committed 9088K, reserved 1048576K
}
Event: 24.875 GC heap before
{Heap before GC invocations=29 (full 0):
 garbage-first heap   total 84992K, used 67283K [0x00000000c0c00000, 0x0000000100000000)
  region size 1024K, 39 young (39936K), 5 survivors (5120K)
 Metaspace       used 70243K, capacity 71872K, committed 72220K, reserved 1112064K
  class space    used 8850K, capacity 9478K, committed 9600K, reserved 1048576K
}
Event: 24.899 GC heap after
{Heap after GC invocations=30 (full 0):
 garbage-first heap   total 84992K, used 34946K [0x00000000c0c00000, 0x0000000100000000)
  region size 1024K, 3 young (3072K), 3 survivors (3072K)
 Metaspace       used 70243K, capacity 71872K, committed 72220K, reserved 1112064K
  class space    used 8850K, capacity 9478K, committed 9600K, reserved 1048576K
}
Event: 25.500 GC heap before
{Heap before GC invocations=30 (full 0):
 garbage-first heap   total 84992K, used 67714K [0x00000000c0c00000, 0x0000000100000000)
  region size 1024K, 35 young (35840K), 3 survivors (3072K)
 Metaspace       used 71772K, capacity 73432K, committed 73628K, reserved 1114112K
  class space    used 9018K, capacity 9674K, committed 9728K, reserved 1048576K
}
Event: 25.518 GC heap after
{Heap after GC invocations=31 (full 0):
 garbage-first heap   total 84992K, used 40879K [0x00000000c0c00000, 0x0000000100000000)
  region size 1024K, 5 young (5120K), 5 survivors (5120K)
 Metaspace       used 71772K, capacity 73432K, committed 73628K, reserved 1114112K
  class space    used 9018K, capacity 9674K, committed 9728K, reserved 1048576K
}
Event: 26.199 GC heap before
{Heap before GC invocations=31 (full 0):
 garbage-first heap   total 84992K, used 67503K [0x00000000c0c00000, 0x0000000100000000)
  region size 1024K, 30 young (30720K), 5 survivors (5120K)
 Metaspace       used 71882K, capacity 73566K, committed 73628K, reserved 1114112K
  class space    used 9028K, capacity 9676K, committed 9728K, reserved 1048576K
}
Event: 26.233 GC heap after
{Heap after GC invocations=32 (full 0):
 garbage-first heap   total 84992K, used 48909K [0x00000000c0c00000, 0x0000000100000000)
  region size 1024K, 4 young (4096K), 4 survivors (4096K)
 Metaspace       used 71882K, capacity 73566K, committed 73628K, reserved 1114112K
  class space    used 9028K, capacity 9676K, committed 9728K, reserved 1048576K
}
Event: 26.436 GC heap before
{Heap before GC invocations=32 (full 0):
 garbage-first heap   total 84992K, used 53005K [0x00000000c0c00000, 0x0000000100000000)
  region size 1024K, 10 young (10240K), 4 survivors (4096K)
 Metaspace       used 71894K, capacity 73630K, committed 73884K, reserved 1114112K
  class space    used 9028K, capacity 9676K, committed 9728K, reserved 1048576K
}
Event: 26.447 GC heap after
{Heap after GC invocations=33 (full 0):
 garbage-first heap   total 84992K, used 50790K [0x00000000c0c00000, 0x0000000100000000)
  region size 1024K, 2 young (2048K), 2 survivors (2048K)
 Metaspace       used 71894K, capacity 73630K, committed 73884K, reserved 1114112K
  class space    used 9028K, capacity 9676K, committed 9728K, reserved 1048576K
}

