# JRE version: OpenJDK Runtime Environment (14.0.2+12) (build 14.0.2+12-46)
# Java VM: OpenJDK 64-Bit Server VM (14.0.2+12-46, mixed mode, tiered, compressed oops, g1 gc, windows-amd64)
Heap:
 garbage-first heap   total 114688K, used 71960K [0x00000000c0c00000, 0x0000000100000000)
  region size 1024K, 25 young (25600K), 4 survivors (4096K)
 Metaspace       used 72200K, capacity 73863K, committed 73984K, reserved 1114112K
  class space    used 9025K, capacity 9671K, committed 9728K, reserved 1048576K
GC Heap History (20 events):
Event: 10.527 GC heap before
{Heap before GC invocations=20 (full 0):
 garbage-first heap   total 65536K, used 53177K [0x00000000c0c00000, 0x0000000100000000)
  region size 1024K, 36 young (36864K), 3 survivors (3072K)
 Metaspace       used 51192K, capacity 52375K, committed 52608K, reserved 1095680K
  class space    used 6314K, capacity 6752K, committed 6784K, reserved 1048576K
}
Event: 10.539 GC heap after
{Heap after GC invocations=21 (full 0):
 garbage-first heap   total 78848K, used 23214K [0x00000000c0c00000, 0x0000000100000000)
  region size 1024K, 5 young (5120K), 5 survivors (5120K)
 Metaspace       used 51192K, capacity 52375K, committed 52608K, reserved 1095680K
  class space    used 6314K, capacity 6752K, committed 6784K, reserved 1048576K
}
Event: 11.594 GC heap before
{Heap before GC invocations=21 (full 0):
 garbage-first heap   total 78848K, used 62126K [0x00000000c0c00000, 0x0000000100000000)
  region size 1024K, 44 young (45056K), 5 survivors (5120K)
 Metaspace       used 54775K, capacity 56015K, committed 56192K, reserved 1097728K
  class space    used 6780K, capacity 7250K, committed 7296K, reserved 1048576K
}
Event: 11.608 GC heap after
{Heap after GC invocations=22 (full 0):
 garbage-first heap   total 78848K, used 25531K [0x00000000c0c00000, 0x0000000100000000)
  region size 1024K, 5 young (5120K), 5 survivors (5120K)
 Metaspace       used 54775K, capacity 56015K, committed 56192K, reserved 1097728K
  class space    used 6780K, capacity 7250K, committed 7296K, reserved 1048576K
}
Event: 12.413 GC heap before
{Heap before GC invocations=22 (full 0):
 garbage-first heap   total 78848K, used 63419K [0x00000000c0c00000, 0x0000000100000000)
  region size 1024K, 42 young (43008K), 5 survivors (5120K)
 Metaspace       used 57920K, capacity 59170K, committed 59264K, reserved 1101824K
  class space    used 7308K, capacity 7807K, committed 7808K, reserved 1048576K
}
Event: 12.424 GC heap after
{Heap after GC invocations=23 (full 0):
 garbage-first heap   total 78848K, used 27797K [0x00000000c0c00000, 0x0000000100000000)
  region size 1024K, 5 young (5120K), 5 survivors (5120K)
 Metaspace       used 57920K, capacity 59170K, committed 59264K, reserved 1101824K
  class space    used 7308K, capacity 7807K, committed 7808K, reserved 1048576K
}
Event: 13.032 GC heap before
{Heap before GC invocations=23 (full 0):
 garbage-first heap   total 78848K, used 47253K [0x00000000c0c00000, 0x0000000100000000)
  region size 1024K, 25 young (25600K), 5 survivors (5120K)
 Metaspace       used 58951K, capacity 60181K, committed 60288K, reserved 1101824K
  class space    used 7380K, capacity 7883K, committed 7936K, reserved 1048576K
}
Event: 13.041 GC heap after
{Heap after GC invocations=24 (full 0):
 garbage-first heap   total 78848K, used 28422K [0x00000000c0c00000, 0x0000000100000000)
  region size 1024K, 3 young (3072K), 3 survivors (3072K)
 Metaspace       used 58951K, capacity 60181K, committed 60288K, reserved 1101824K
  class space    used 7380K, capacity 7883K, committed 7936K, reserved 1048576K
}
Event: 15.369 GC heap before
{Heap before GC invocations=25 (full 0):
 garbage-first heap   total 78848K, used 64262K [0x00000000c0c00000, 0x0000000100000000)
  region size 1024K, 38 young (38912K), 3 survivors (3072K)
 Metaspace       used 62174K, capacity 63387K, committed 63616K, reserved 1103872K
  class space    used 7800K, capacity 8292K, committed 8320K, reserved 1048576K
}
Event: 15.378 GC heap after
{Heap after GC invocations=26 (full 0):
 garbage-first heap   total 95232K, used 29740K [0x00000000c0c00000, 0x0000000100000000)
  region size 1024K, 4 young (4096K), 4 survivors (4096K)
 Metaspace       used 62174K, capacity 63387K, committed 63616K, reserved 1103872K
  class space    used 7800K, capacity 8292K, committed 8320K, reserved 1048576K
}
Event: 16.626 GC heap before
{Heap before GC invocations=26 (full 0):
 garbage-first heap   total 95232K, used 75820K [0x00000000c0c00000, 0x0000000100000000)
  region size 1024K, 49 young (50176K), 4 survivors (4096K)
 Metaspace       used 66923K, capacity 68451K, committed 68736K, reserved 1110016K
  class space    used 8396K, capacity 8976K, committed 9088K, reserved 1048576K
}
Event: 16.641 GC heap after
{Heap after GC invocations=27 (full 0):
 garbage-first heap   total 95232K, used 32025K [0x00000000c0c00000, 0x0000000100000000)
  region size 1024K, 5 young (5120K), 5 survivors (5120K)
 Metaspace       used 66923K, capacity 68451K, committed 68736K, reserved 1110016K
  class space    used 8396K, capacity 8976K, committed 9088K, reserved 1048576K
}
Event: 17.781 GC heap before
{Heap before GC invocations=27 (full 0):
 garbage-first heap   total 95232K, used 76057K [0x00000000c0c00000, 0x0000000100000000)
  region size 1024K, 48 young (49152K), 5 survivors (5120K)
 Metaspace       used 69978K, capacity 71564K, committed 71680K, reserved 1112064K
  class space    used 8769K, capacity 9394K, committed 9472K, reserved 1048576K
}
Event: 17.801 GC heap after
{Heap after GC invocations=28 (full 0):
 garbage-first heap   total 95232K, used 35367K [0x00000000c0c00000, 0x0000000100000000)
  region size 1024K, 6 young (6144K), 6 survivors (6144K)
 Metaspace       used 69978K, capacity 71564K, committed 71680K, reserved 1112064K
  class space    used 8769K, capacity 9394K, committed 9472K, reserved 1048576K
}
Event: 18.662 GC heap before
{Heap before GC invocations=28 (full 0):
 garbage-first heap   total 95232K, used 78375K [0x00000000c0c00000, 0x0000000100000000)
  region size 1024K, 46 young (47104K), 6 survivors (6144K)
 Metaspace       used 72047K, capacity 73759K, committed 73984K, reserved 1114112K
  class space    used 9018K, capacity 9674K, committed 9728K, reserved 1048576K
}
Event: 18.688 GC heap after
{Heap after GC invocations=29 (full 0):
 garbage-first heap   total 95232K, used 42558K [0x00000000c0c00000, 0x0000000100000000)
  region size 1024K, 6 young (6144K), 6 survivors (6144K)
 Metaspace       used 72047K, capacity 73759K, committed 73984K, reserved 1114112K
  class space    used 9018K, capacity 9674K, committed 9728K, reserved 1048576K
}
Event: 19.048 GC heap before
{Heap before GC invocations=29 (full 0):
 garbage-first heap   total 95232K, used 74302K [0x00000000c0c00000, 0x0000000100000000)
  region size 1024K, 37 young (37888K), 6 survivors (6144K)
 Metaspace       used 72170K, capacity 73893K, committed 73984K, reserved 1114112K
  class space    used 9028K, capacity 9676K, committed 9728K, reserved 1048576K
}
Event: 19.098 GC heap after
{Heap after GC invocations=30 (full 0):
 garbage-first heap   total 95232K, used 51944K [0x00000000c0c00000, 0x0000000100000000)
  region size 1024K, 5 young (5120K), 5 survivors (5120K)
 Metaspace       used 72170K, capacity 73893K, committed 73984K, reserved 1114112K
  class space    used 9028K, capacity 9676K, committed 9728K, reserved 1048576K
}
Event: 19.333 GC heap before
{Heap before GC invocations=30 (full 0):
 garbage-first heap   total 95232K, used 68328K [0x00000000c0c00000, 0x0000000100000000)
  region size 1024K, 23 young (23552K), 5 survivors (5120K)
 Metaspace       used 72209K, capacity 73893K, committed 73984K, reserved 1114112K
  class space    used 9028K, capacity 9676K, committed 9728K, reserved 1048576K
}
Event: 19.354 GC heap after
{Heap after GC invocations=31 (full 0):
 garbage-first heap   total 114688K, used 55576K [0x00000000c0c00000, 0x0000000100000000)
  region size 1024K, 4 young (4096K), 4 survivors (4096K)
 Metaspace       used 72209K, capacity 73893K, committed 73984K, reserved 1114112K
  class space    used 9028K, capacity 9676K, committed 9728K, reserved 1048576K
}

