# JRE version: OpenJDK Runtime Environment (14.0.2+12) (build 14.0.2+12-46)
# Java VM: OpenJDK 64-Bit Server VM (14.0.2+12-46, mixed mode, tiered, compressed oops, g1 gc, windows-amd64)
Heap:
 garbage-first heap   total 55296K, used 27173K [0x00000000c0c00000, 0x0000000100000000)
  region size 1024K, 3 young (3072K), 2 survivors (2048K)
 Metaspace       used 62346K, capacity 63625K, committed 63744K, reserved 1103872K
  class space    used 7837K, capacity 8329K, committed 8448K, reserved 1048576K
GC Heap History (20 events):
Event: 25.336 GC heap before
{Heap before GC invocations=29 (full 0):
 garbage-first heap   total 46080K, used 35753K [0x00000000c0c00000, 0x0000000100000000)
  region size 1024K, 21 young (21504K), 2 survivors (2048K)
 Metaspace       used 44982K, capacity 46096K, committed 46208K, reserved 1089536K
  class space    used 5529K, capacity 5959K, committed 6016K, reserved 1048576K
}
Event: 25.342 GC heap after
{Heap after GC invocations=30 (full 0):
 garbage-first heap   total 46080K, used 18099K [0x00000000c0c00000, 0x0000000100000000)
  region size 1024K, 2 young (2048K), 2 survivors (2048K)
 Metaspace       used 44982K, capacity 46096K, committed 46208K, reserved 1089536K
  class space    used 5529K, capacity 5959K, committed 6016K, reserved 1048576K
}
Event: 26.919 GC heap before
{Heap before GC invocations=30 (full 0):
 garbage-first heap   total 46080K, used 36531K [0x00000000c0c00000, 0x0000000100000000)
  region size 1024K, 21 young (21504K), 2 survivors (2048K)
 Metaspace       used 50376K, capacity 51470K, committed 51840K, reserved 1093632K
  class space    used 6252K, capacity 6663K, committed 6784K, reserved 1048576K
}
Event: 26.929 GC heap after
{Heap after GC invocations=31 (full 0):
 garbage-first heap   total 46080K, used 20323K [0x00000000c0c00000, 0x0000000100000000)
  region size 1024K, 3 young (3072K), 3 survivors (3072K)
 Metaspace       used 50376K, capacity 51470K, committed 51840K, reserved 1093632K
  class space    used 6252K, capacity 6663K, committed 6784K, reserved 1048576K
}
Event: 27.840 GC heap before
{Heap before GC invocations=31 (full 0):
 garbage-first heap   total 46080K, used 35683K [0x00000000c0c00000, 0x0000000100000000)
  region size 1024K, 18 young (18432K), 3 survivors (3072K)
 Metaspace       used 50923K, capacity 52066K, committed 52352K, reserved 1095680K
  class space    used 6315K, capacity 6730K, committed 6784K, reserved 1048576K
}
Event: 27.849 GC heap after
{Heap after GC invocations=32 (full 0):
 garbage-first heap   total 46080K, used 21933K [0x00000000c0c00000, 0x0000000100000000)
  region size 1024K, 2 young (2048K), 2 survivors (2048K)
 Metaspace       used 50923K, capacity 52066K, committed 52352K, reserved 1095680K
  class space    used 6315K, capacity 6730K, committed 6784K, reserved 1048576K
}
Event: 28.569 GC heap before
{Heap before GC invocations=32 (full 0):
 garbage-first heap   total 46080K, used 36269K [0x00000000c0c00000, 0x0000000100000000)
  region size 1024K, 16 young (16384K), 2 survivors (2048K)
 Metaspace       used 51824K, capacity 53033K, committed 53248K, reserved 1095680K
  class space    used 6424K, capacity 6861K, committed 6912K, reserved 1048576K
}
Event: 28.573 GC heap after
{Heap after GC invocations=33 (full 0):
 garbage-first heap   total 55296K, used 23238K [0x00000000c0c00000, 0x0000000100000000)
  region size 1024K, 2 young (2048K), 2 survivors (2048K)
 Metaspace       used 51824K, capacity 53033K, committed 53248K, reserved 1095680K
  class space    used 6424K, capacity 6861K, committed 6912K, reserved 1048576K
}
Event: 29.698 GC heap before
{Heap before GC invocations=34 (full 0):
 garbage-first heap   total 55296K, used 41670K [0x00000000c0c00000, 0x0000000100000000)
  region size 1024K, 21 young (21504K), 2 survivors (2048K)
 Metaspace       used 52940K, capacity 54091K, committed 54144K, reserved 1095680K
  class space    used 6584K, capacity 6996K, committed 7040K, reserved 1048576K
}
Event: 29.708 GC heap after
{Heap after GC invocations=35 (full 0):
 garbage-first heap   total 55296K, used 24314K [0x00000000c0c00000, 0x0000000100000000)
  region size 1024K, 3 young (3072K), 3 survivors (3072K)
 Metaspace       used 52940K, capacity 54091K, committed 54144K, reserved 1095680K
  class space    used 6584K, capacity 6996K, committed 7040K, reserved 1048576K
}
Event: 30.608 GC heap before
{Heap before GC invocations=35 (full 0):
 garbage-first heap   total 55296K, used 41722K [0x00000000c0c00000, 0x0000000100000000)
  region size 1024K, 21 young (21504K), 3 survivors (3072K)
 Metaspace       used 55171K, capacity 56352K, committed 56448K, reserved 1097728K
  class space    used 6858K, capacity 7296K, committed 7296K, reserved 1048576K
}
Event: 30.616 GC heap after
{Heap after GC invocations=36 (full 0):
 garbage-first heap   total 55296K, used 25159K [0x00000000c0c00000, 0x0000000100000000)
  region size 1024K, 3 young (3072K), 3 survivors (3072K)
 Metaspace       used 55171K, capacity 56352K, committed 56448K, reserved 1097728K
  class space    used 6858K, capacity 7296K, committed 7296K, reserved 1048576K
}
Event: 31.245 GC heap before
{Heap before GC invocations=36 (full 0):
 garbage-first heap   total 55296K, used 42567K [0x00000000c0c00000, 0x0000000100000000)
  region size 1024K, 20 young (20480K), 3 survivors (3072K)
 Metaspace       used 57566K, capacity 58769K, committed 59008K, reserved 1099776K
  class space    used 7269K, capacity 7717K, committed 7808K, reserved 1048576K
}
Event: 31.252 GC heap after
{Heap after GC invocations=37 (full 0):
 garbage-first heap   total 55296K, used 25522K [0x00000000c0c00000, 0x0000000100000000)
  region size 1024K, 2 young (2048K), 2 survivors (2048K)
 Metaspace       used 57566K, capacity 58769K, committed 59008K, reserved 1099776K
  class space    used 7269K, capacity 7717K, committed 7808K, reserved 1048576K
}
Event: 31.971 GC heap before
{Heap before GC invocations=37 (full 0):
 garbage-first heap   total 55296K, used 43954K [0x00000000c0c00000, 0x0000000100000000)
  region size 1024K, 20 young (20480K), 2 survivors (2048K)
 Metaspace       used 58574K, capacity 59798K, committed 60160K, reserved 1101824K
  class space    used 7384K, capacity 7822K, committed 7936K, reserved 1048576K
}
Event: 31.977 GC heap after
{Heap after GC invocations=38 (full 0):
 garbage-first heap   total 55296K, used 26026K [0x00000000c0c00000, 0x0000000100000000)
  region size 1024K, 2 young (2048K), 2 survivors (2048K)
 Metaspace       used 58574K, capacity 59798K, committed 60160K, reserved 1101824K
  class space    used 7384K, capacity 7822K, committed 7936K, reserved 1048576K
}
Event: 32.670 GC heap before
{Heap before GC invocations=39 (full 0):
 garbage-first heap   total 55296K, used 43434K [0x00000000c0c00000, 0x0000000100000000)
  region size 1024K, 20 young (20480K), 2 survivors (2048K)
 Metaspace       used 60189K, capacity 61439K, committed 61696K, reserved 1103872K
  class space    used 7620K, capacity 8090K, committed 8192K, reserved 1048576K
}
Event: 32.677 GC heap after
{Heap after GC invocations=40 (full 0):
 garbage-first heap   total 55296K, used 26456K [0x00000000c0c00000, 0x0000000100000000)
  region size 1024K, 2 young (2048K), 2 survivors (2048K)
 Metaspace       used 60189K, capacity 61439K, committed 61696K, reserved 1103872K
  class space    used 7620K, capacity 8090K, committed 8192K, reserved 1048576K
}
Event: 34.756 GC heap before
{Heap before GC invocations=40 (full 0):
 garbage-first heap   total 55296K, used 42840K [0x00000000c0c00000, 0x0000000100000000)
  region size 1024K, 19 young (19456K), 2 survivors (2048K)
 Metaspace       used 62225K, capacity 63497K, committed 63744K, reserved 1103872K
  class space    used 7831K, capacity 8329K, committed 8448K, reserved 1048576K
}
Event: 34.762 GC heap after
{Heap after GC invocations=41 (full 0):
 garbage-first heap   total 55296K, used 27173K [0x00000000c0c00000, 0x0000000100000000)
  region size 1024K, 2 young (2048K), 2 survivors (2048K)
 Metaspace       used 62225K, capacity 63497K, committed 63744K, reserved 1103872K
  class space    used 7831K, capacity 8329K, committed 8448K, reserved 1048576K
}

