# JRE version: OpenJDK Runtime Environment (14.0.2+12) (build 14.0.2+12-46)
# Java VM: OpenJDK 64-Bit Server VM (14.0.2+12-46, mixed mode, tiered, compressed oops, g1 gc, windows-amd64)
Heap:
 garbage-first heap   total 65536K, used 38105K [0x00000000c0c00000, 0x0000000100000000)
  region size 1024K, 34 young (34816K), 4 survivors (4096K)
 Metaspace       used 20674K, capacity 21106K, committed 21248K, reserved 1069056K
  class space    used 2260K, capacity 2455K, committed 2560K, reserved 1048576K
GC Heap History (11 events):
Event: 1.302 GC heap before
{Heap before GC invocations=0 (full 0):
 garbage-first heap   total 65536K, used 6144K [0x00000000c0c00000, 0x0000000100000000)
  region size 1024K, 6 young (6144K), 0 survivors (0K)
 Metaspace       used 4736K, capacity 4836K, committed 5120K, reserved 1056768K
  class space    used 415K, capacity 464K, committed 512K, reserved 1048576K
}
Event: 1.307 GC heap after
{Heap after GC invocations=1 (full 0):
 garbage-first heap   total 65536K, used 5041K [0x00000000c0c00000, 0x0000000100000000)
  region size 1024K, 1 young (1024K), 1 survivors (1024K)
 Metaspace       used 4736K, capacity 4836K, committed 5120K, reserved 1056768K
  class space    used 415K, capacity 464K, committed 512K, reserved 1048576K
}
Event: 1.673 GC heap before
{Heap before GC invocations=1 (full 0):
 garbage-first heap   total 65536K, used 7089K [0x00000000c0c00000, 0x0000000100000000)
  region size 1024K, 3 young (3072K), 1 survivors (1024K)
 Metaspace       used 5435K, capacity 5540K, committed 5760K, reserved 1056768K
  class space    used 480K, capacity 528K, committed 640K, reserved 1048576K
}
Event: 1.676 GC heap after
{Heap after GC invocations=2 (full 0):
 garbage-first heap   total 65536K, used 5197K [0x00000000c0c00000, 0x0000000100000000)
  region size 1024K, 1 young (1024K), 1 survivors (1024K)
 Metaspace       used 5435K, capacity 5540K, committed 5760K, reserved 1056768K
  class space    used 480K, capacity 528K, committed 640K, reserved 1048576K
}
Event: 3.723 GC heap before
{Heap before GC invocations=2 (full 0):
 garbage-first heap   total 65536K, used 13389K [0x00000000c0c00000, 0x0000000100000000)
  region size 1024K, 10 young (10240K), 1 survivors (1024K)
 Metaspace       used 9987K, capacity 10140K, committed 10240K, reserved 1058816K
  class space    used 915K, capacity 957K, committed 1024K, reserved 1048576K
}
Event: 3.727 GC heap after
{Heap after GC invocations=3 (full 0):
 garbage-first heap   total 65536K, used 6550K [0x00000000c0c00000, 0x0000000100000000)
  region size 1024K, 2 young (2048K), 2 survivors (2048K)
 Metaspace       used 9987K, capacity 10140K, committed 10240K, reserved 1058816K
  class space    used 915K, capacity 957K, committed 1024K, reserved 1048576K
}
Event: 4.216 GC heap before
{Heap before GC invocations=3 (full 0):
 garbage-first heap   total 65536K, used 26006K [0x00000000c0c00000, 0x0000000100000000)
  region size 1024K, 22 young (22528K), 2 survivors (2048K)
 Metaspace       used 11694K, capacity 11926K, committed 12032K, reserved 1060864K
  class space    used 1129K, capacity 1192K, committed 1280K, reserved 1048576K
}
Event: 4.221 GC heap after
{Heap after GC invocations=4 (full 0):
 garbage-first heap   total 65536K, used 7041K [0x00000000c0c00000, 0x0000000100000000)
  region size 1024K, 2 young (2048K), 2 survivors (2048K)
 Metaspace       used 11694K, capacity 11926K, committed 12032K, reserved 1060864K
  class space    used 1129K, capacity 1192K, committed 1280K, reserved 1048576K
}
Event: 5.273 GC heap before
{Heap before GC invocations=4 (full 0):
 garbage-first heap   total 65536K, used 42881K [0x00000000c0c00000, 0x0000000100000000)
  region size 1024K, 38 young (38912K), 2 survivors (2048K)
 Metaspace       used 14315K, capacity 14639K, committed 14848K, reserved 1062912K
  class space    used 1423K, capacity 1525K, committed 1536K, reserved 1048576K
}
Event: 5.280 GC heap after
{Heap after GC invocations=5 (full 0):
 garbage-first heap   total 65536K, used 7416K [0x00000000c0c00000, 0x0000000100000000)
  region size 1024K, 3 young (3072K), 3 survivors (3072K)
 Metaspace       used 14315K, capacity 14639K, committed 14848K, reserved 1062912K
  class space    used 1423K, capacity 1525K, committed 1536K, reserved 1048576K
}
Event: 7.286 GC heap before
{Heap before GC invocations=5 (full 0):
 garbage-first heap   total 65536K, used 36088K [0x00000000c0c00000, 0x0000000100000000)
  region size 1024K, 33 young (33792K), 3 survivors (3072K)
 Metaspace       used 20674K, capacity 21106K, committed 21248K, reserved 1069056K
  class space    used 2260K, capacity 2455K, committed 2560K, reserved 1048576K
}

